01/31/2020,"PFM001","SBI PENSION FUNDS PRIVATE LIMITED","SM001001","SBI PENSION FUND SCHEME - CENTRAL GOVT",30.9209
01/31/2020,"PFM001","SBI PENSION FUNDS PRIVATE LIMITED","SM001011","NPS TRUST - A/C SBI PENSION FUND SCHEME - ATAL PENSION YOJANA (APY)",15.0264
01/31/2020,"PFM001","SBI PENSION FUNDS PRIVATE LIMITED","SM001013","SBI PENSION FUND SCHEME A - TIER II",10.0000
01/31/2020,"PFM001","SBI PENSION FUNDS PRIVATE LIMITED","SM001012","SBI PENSION FUND SCHEME A - TIER I",12.9144
01/31/2020,"PFM001","SBI PENSION FUNDS PRIVATE LIMITED","SM001005","SBI PENSION FUND SCHEME G - TIER I",27.4183
01/31/2020,"PFM001","SBI PENSION FUNDS PRIVATE LIMITED","SM001008","SBI PENSION FUND SCHEME G - TIER II",26.1083
01/31/2020,"PFM001","SBI PENSION FUNDS PRIVATE LIMITED","SM001007","SBI PENSION FUND SCHEME C - TIER II",26.4259
01/31/2020,"PFM001","SBI PENSION FUNDS PRIVATE LIMITED","SM001010","SBI PENSION FUNDS PVT. LTD. SCHEME - CORPORATE-CG",19.7425
01/31/2020,"PFM001","SBI PENSION FUNDS PRIVATE LIMITED","SM001009","NPS TRUST A/C-SBI PENSION FUNDS PRIVATE LIMITED- NPS LITE SCHEME - GOVT. PATTERN",24.9939
01/31/2020,"PFM001","SBI PENSION FUNDS PRIVATE LIMITED","SM001002","SBI PENSION FUND SCHEME - STATE GOVT",26.5960
01/31/2020,"PFM001","SBI PENSION FUNDS PRIVATE LIMITED","SM001006","SBI PENSION FUND SCHEME E - TIER II",24.1584
01/31/2020,"PFM001","SBI PENSION FUNDS PRIVATE LIMITED","SM001004","SBI PENSION FUND SCHEME C - TIER I",29.0416
01/31/2020,"PFM001","SBI PENSION FUNDS PRIVATE LIMITED","SM001003","SBI PENSION FUND SCHEME E - TIER I",26.1881
01/31/2020,"PFM003","LIC PENSION FUND LIMITED","SM003001","LIC PENSION FUND SCHEME - CENTRAL GOVT",29.7967
01/31/2020,"PFM003","LIC PENSION FUND LIMITED","SM003013","LIC PENSION FUND SCHEME A - TIER II",10.0000
01/31/2020,"PFM003","LIC PENSION FUND LIMITED","SM003012","LIC PENSION FUND SCHEME A - TIER I",12.9050
01/31/2020,"PFM003","LIC PENSION FUND LIMITED","SM003011","NPS TRUST - A/C LIC PENSION FUND SCHEME - ATAL PENSION YOJANA (APY)",15.2279
01/31/2020,"PFM003","LIC PENSION FUND LIMITED","SM003008","LIC PENSION FUND SCHEME E - TIER II",16.4770
01/31/2020,"PFM003","LIC PENSION FUND LIMITED","SM003007","LIC PENSION FUND SCHEME G - TIER I",20.3665
01/31/2020,"PFM003","LIC PENSION FUND LIMITED","SM003005","LIC PENSION FUND SCHEME E - TIER I",19.6734
01/31/2020,"PFM003","LIC PENSION FUND LIMITED","SM003010","LIC PENSION FUND SCHEME G - TIER II",20.7466
01/31/2020,"PFM003","LIC PENSION FUND LIMITED","SM003009","LIC PENSION FUND SCHEME C - TIER II",17.3813
01/31/2020,"PFM003","LIC PENSION FUND LIMITED","SM003006","LIC PENSION FUND SCHEME C - TIER I",18.6269
01/31/2020,"PFM003","LIC PENSION FUND LIMITED","SM003004","LIC PENSION FUND LIMITED SCHEME - CORPORATE-CG",19.7045
01/31/2020,"PFM003","LIC PENSION FUND LIMITED","SM003003","NPS TRUST A/C-LIC PENSION FUND LIMITED- NPS LITE SCHEME - GOVT. PATTERN",24.7823
01/31/2020,"PFM003","LIC PENSION FUND LIMITED","SM003002","LIC PENSION FUND SCHEME - STATE GOVT",26.5965
01/31/2020,"PFM008","HDFC PENSION MANAGEMENT COMPANY LIMITED","SM008005","HDFC PENSION MANAGEMENT COMPANY LIMITED SCHEME C - TIER II",17.8192
01/31/2020,"PFM008","HDFC PENSION MANAGEMENT COMPANY LIMITED","SM008009","HDFC PENSION MANAGEMENT COMPANY LIMITED SCHEME A - TIER II",10.0000
01/31/2020,"PFM008","HDFC PENSION MANAGEMENT COMPANY LIMITED","SM008001","HDFC PENSION MANAGEMENT COMPANY LIMITED SCHEME E - TIER I",23.2948
01/31/2020,"PFM008","HDFC PENSION MANAGEMENT COMPANY LIMITED","SM008006","HDFC PENSION MANAGEMENT COMPANY LIMITED SCHEME G - TIER II",19.2784
01/31/2020,"PFM008","HDFC PENSION MANAGEMENT COMPANY LIMITED","SM008004","HDFC PENSION MANAGEMENT COMPANY LIMITED SCHEME E - TIER II",20.1527
01/31/2020,"PFM008","HDFC PENSION MANAGEMENT COMPANY LIMITED","SM008003","HDFC PENSION MANAGEMENT COMPANY LIMITED SCHEME G - TIER I",18.8577
01/31/2020,"PFM008","HDFC PENSION MANAGEMENT COMPANY LIMITED","SM008002","HDFC PENSION MANAGEMENT COMPANY LIMITED SCHEME C - TIER I",18.8803
01/31/2020,"PFM008","HDFC PENSION MANAGEMENT COMPANY LIMITED","SM008008","HDFC PENSION MANAGEMENT COMPANY LIMITED SCHEME A - TIER I",13.2076
01/31/2020,"PFM008","HDFC PENSION MANAGEMENT COMPANY LIMITED","SM008007","NPS TRUST A/C-HDFC PENSION MANAGEMENT COMPANY LIMITED SCHEME - NPS LITE SCHEME - GOVT. PATTERN",10.0000
01/31/2020,"PFM010","BIRLA SUN LIFE PENSION MANAGEMENT LIMITED","SM010001","BIRLA SUN LIFE PENSION SCHEME E - TIER I",12.7749
01/31/2020,"PFM010","BIRLA SUN LIFE PENSION MANAGEMENT LIMITED","SM010008","BIRLA SUN LIFE PENSION SCHEME A - TIER II",10.0000
01/31/2020,"PFM010","BIRLA SUN LIFE PENSION MANAGEMENT LIMITED","SM010007","BIRLA SUN LIFE PENSION SCHEME G - TIER II",12.2028
01/31/2020,"PFM010","BIRLA SUN LIFE PENSION MANAGEMENT LIMITED","SM010005","BIRLA SUN LIFE PENSION SCHEME E - TIER II",12.6847
01/31/2020,"PFM010","BIRLA SUN LIFE PENSION MANAGEMENT LIMITED","SM010006","BIRLA SUN LIFE PENSION SCHEME C - TIER II",12.3827
01/31/2020,"PFM010","BIRLA SUN LIFE PENSION MANAGEMENT LIMITED","SM010004","BIRLA SUN LIFE PENSION SCHEME A - TIER I",11.9810
01/31/2020,"PFM010","BIRLA SUN LIFE PENSION MANAGEMENT LIMITED","SM010003","BIRLA SUN LIFE PENSION SCHEME G - TIER I",12.6320
01/31/2020,"PFM010","BIRLA SUN LIFE PENSION MANAGEMENT LIMITED","SM010002","BIRLA SUN LIFE PENSION SCHEME C - TIER I",12.8302
01/31/2020,"PFM002","UTI RETIREMENT SOLUTIONS LIMITED","SM002005","UTI RETIREMENT SOLUTIONS PENSION FUND SCHEME G - TIER I",24.6529
01/31/2020,"PFM002","UTI RETIREMENT SOLUTIONS LIMITED","SM002010","UTI RETIREMENT SOLUTIONS PENSION FUND SCHEME - CORPORATE-CG",10.0000
01/31/2020,"PFM002","UTI RETIREMENT SOLUTIONS LIMITED","SM002009","NPS TRUST A/C-UTI RETIREMENT SOLUTIONS LIMITED- NPS LITE SCHEME - GOVT. PATTERN",24.7499
01/31/2020,"PFM002","UTI RETIREMENT SOLUTIONS LIMITED","SM002001","UTI RETIREMENT SOLUTIONS PENSION FUND SCHEME- CENTRAL GOVT",29.8187
01/31/2020,"PFM002","UTI RETIREMENT SOLUTIONS LIMITED","SM002006","UTI RETIREMENT SOLUTIONS SCHEME E - TIER II",24.9200
01/31/2020,"PFM002","UTI RETIREMENT SOLUTIONS LIMITED","SM002004","UTI RETIREMENT SOLUTIONS PENSION FUND SCHEME C - TIER I",25.8630
01/31/2020,"PFM002","UTI RETIREMENT SOLUTIONS LIMITED","SM002003","UTI RETIREMENT SOLUTIONS PENSION FUND SCHEME E - TIER I",30.4389
01/31/2020,"PFM002","UTI RETIREMENT SOLUTIONS LIMITED","SM002002","UTI RETIREMENT SOLUTIONS PENSION FUND SCHEME- STATE GOVT",26.5643
01/31/2020,"PFM002","UTI RETIREMENT SOLUTIONS LIMITED","SM002011","NPS TRUST - A/C UTI RETIREMENT SOLUTIONS LTD. SCHEME - ATAL PENSION YOJANA (APY)",15.2996
01/31/2020,"PFM002","UTI RETIREMENT SOLUTIONS LIMITED","SM002013","UTI RETIREMENT SOLUTIONS PENSION FUND SCHEME A - TIER II",10.0000
01/31/2020,"PFM002","UTI RETIREMENT SOLUTIONS LIMITED","SM002012","UTI RETIREMENT SOLUTIONS PENSION FUND SCHEME A - TIER I",12.4342
01/31/2020,"PFM002","UTI RETIREMENT SOLUTIONS LIMITED","SM002007","UTI RETIREMENT SOLUTIONS SCHEME C - TIER II",24.8746
01/31/2020,"PFM002","UTI RETIREMENT SOLUTIONS LIMITED","SM002008","UTI RETIREMENT SOLUTIONS  SCHEME G - TIER II",25.3351
01/31/2020,"PFM005","KOTAK MAHINDRA PENSION FUND LIMITED","SM005001","KOTAK PENSION FUND SCHEME E - TIER I",28.6584
01/31/2020,"PFM005","KOTAK MAHINDRA PENSION FUND LIMITED","SM005008","KOTAK PENSION FUND SCHEME A - TIER I",12.8068
01/31/2020,"PFM005","KOTAK MAHINDRA PENSION FUND LIMITED","SM005007","NPS TRUST A/C-KOTAK MAHINDRA PENSION FUND LIMITED- NPS LITE SCHEME - GOVT. PATTERN",21.5156
01/31/2020,"PFM005","KOTAK MAHINDRA PENSION FUND LIMITED","SM005005","KOTAK PENSION FUND SCHEME C - TIER II",24.5388
01/31/2020,"PFM005","KOTAK MAHINDRA PENSION FUND LIMITED","SM005009","KOTAK PENSION FUND SCHEME A - TIER II",10.0000
01/31/2020,"PFM005","KOTAK MAHINDRA PENSION FUND LIMITED","SM005004","KOTAK PENSION FUND SCHEME E - TIER II",25.4019
01/31/2020,"PFM005","KOTAK MAHINDRA PENSION FUND LIMITED","SM005006","KOTAK PENSION FUND SCHEME G - TIER II",23.5017
01/31/2020,"PFM005","KOTAK MAHINDRA PENSION FUND LIMITED","SM005003","KOTAK PENSION FUND SCHEME G - TIER I",25.2649
01/31/2020,"PFM005","KOTAK MAHINDRA PENSION FUND LIMITED","SM005002","KOTAK PENSION FUND SCHEME C - TIER I",28.1024
01/31/2020,"PFM007","ICICI PRUDENTIAL PENSION FUNDS MANAGEMENT COMPANY LIMITED","SM007001","ICICI PRUDENTIAL PENSION FUND SCHEME E - TIER I",30.7551
01/31/2020,"PFM007","ICICI PRUDENTIAL PENSION FUNDS MANAGEMENT COMPANY LIMITED","SM007008","ICICI PRUDENTIAL PENSION FUND SCHEME A - TIER I",12.7506
01/31/2020,"PFM007","ICICI PRUDENTIAL PENSION FUNDS MANAGEMENT COMPANY LIMITED","SM007007","NPS TRUST A/C-ICICI PRUDENTIAL PENSION FUNDS MANAGEMENT COMPANY LIMITED- NPS LITE SCHEME - GOVT. PATTERN",10.0000
01/31/2020,"PFM007","ICICI PRUDENTIAL PENSION FUNDS MANAGEMENT COMPANY LIMITED","SM007005","ICICI PRUDENTIAL PENSION FUND  SCHEME C - TIER II",26.7147
01/31/2020,"PFM007","ICICI PRUDENTIAL PENSION FUNDS MANAGEMENT COMPANY LIMITED","SM007009","ICICI PRUDENTIAL PENSION FUND SCHEME A - TIER II",10.0000
01/31/2020,"PFM007","ICICI PRUDENTIAL PENSION FUNDS MANAGEMENT COMPANY LIMITED","SM007006","ICICI PRUDENTIAL PENSION FUND  SCHEME G - TIER II",24.2693
01/31/2020,"PFM007","ICICI PRUDENTIAL PENSION FUNDS MANAGEMENT COMPANY LIMITED","SM007004","ICICI PRUDENTIAL PENSION FUND SCHEME E - TIER II",24.2664
01/31/2020,"PFM007","ICICI PRUDENTIAL PENSION FUNDS MANAGEMENT COMPANY LIMITED","SM007003","ICICI PRUDENTIAL PENSION FUND  SCHEME G - TIER I",25.3478
01/31/2020,"PFM007","ICICI PRUDENTIAL PENSION FUNDS MANAGEMENT COMPANY LIMITED","SM007002","ICICI PRUDENTIAL PENSION FUND  SCHEME C - TIER I",28.7855