02/03/2020,"PFM001","SBI PENSION FUNDS PRIVATE LIMITED","SM001005","SBI PENSION FUND SCHEME G - TIER I",27.6467
02/03/2020,"PFM001","SBI PENSION FUNDS PRIVATE LIMITED","SM001001","SBI PENSION FUND SCHEME - CENTRAL GOVT",31.0123
02/03/2020,"PFM001","SBI PENSION FUNDS PRIVATE LIMITED","SM001010","SBI PENSION FUNDS PVT. LTD. SCHEME - CORPORATE-CG",19.8059
02/03/2020,"PFM001","SBI PENSION FUNDS PRIVATE LIMITED","SM001009","NPS TRUST A/C-SBI PENSION FUNDS PRIVATE LIMITED- NPS LITE SCHEME - GOVT. PATTERN",25.0570
02/03/2020,"PFM001","SBI PENSION FUNDS PRIVATE LIMITED","SM001002","SBI PENSION FUND SCHEME - STATE GOVT",26.6821
02/03/2020,"PFM001","SBI PENSION FUNDS PRIVATE LIMITED","SM001006","SBI PENSION FUND SCHEME E - TIER II",23.6556
02/03/2020,"PFM001","SBI PENSION FUNDS PRIVATE LIMITED","SM001004","SBI PENSION FUND SCHEME C - TIER I",29.1273
02/03/2020,"PFM001","SBI PENSION FUNDS PRIVATE LIMITED","SM001003","SBI PENSION FUND SCHEME E - TIER I",25.6449
02/03/2020,"PFM001","SBI PENSION FUNDS PRIVATE LIMITED","SM001011","NPS TRUST - A/C SBI PENSION FUND SCHEME - ATAL PENSION YOJANA (APY)",15.0770
02/03/2020,"PFM001","SBI PENSION FUNDS PRIVATE LIMITED","SM001013","SBI PENSION FUND SCHEME A - TIER II",10.0000
02/03/2020,"PFM001","SBI PENSION FUNDS PRIVATE LIMITED","SM001012","SBI PENSION FUND SCHEME A - TIER I",12.9241
02/03/2020,"PFM001","SBI PENSION FUNDS PRIVATE LIMITED","SM001008","SBI PENSION FUND SCHEME G - TIER II",26.3087
02/03/2020,"PFM001","SBI PENSION FUNDS PRIVATE LIMITED","SM001007","SBI PENSION FUND SCHEME C - TIER II",26.4924
02/03/2020,"PFM003","LIC PENSION FUND LIMITED","SM003005","LIC PENSION FUND SCHEME E - TIER I",19.1530
02/03/2020,"PFM003","LIC PENSION FUND LIMITED","SM003010","LIC PENSION FUND SCHEME G - TIER II",20.9621
02/03/2020,"PFM003","LIC PENSION FUND LIMITED","SM003009","LIC PENSION FUND SCHEME C - TIER II",17.4322
02/03/2020,"PFM003","LIC PENSION FUND LIMITED","SM003006","LIC PENSION FUND SCHEME C - TIER I",18.6892
02/03/2020,"PFM003","LIC PENSION FUND LIMITED","SM003004","LIC PENSION FUND LIMITED SCHEME - CORPORATE-CG",19.7636
02/03/2020,"PFM003","LIC PENSION FUND LIMITED","SM003003","NPS TRUST A/C-LIC PENSION FUND LIMITED- NPS LITE SCHEME - GOVT. PATTERN",24.8295
02/03/2020,"PFM003","LIC PENSION FUND LIMITED","SM003002","LIC PENSION FUND SCHEME - STATE GOVT",26.6789
02/03/2020,"PFM003","LIC PENSION FUND LIMITED","SM003001","LIC PENSION FUND SCHEME - CENTRAL GOVT",29.8852
02/03/2020,"PFM003","LIC PENSION FUND LIMITED","SM003013","LIC PENSION FUND SCHEME A - TIER II",10.0000
02/03/2020,"PFM003","LIC PENSION FUND LIMITED","SM003012","LIC PENSION FUND SCHEME A - TIER I",12.9314
02/03/2020,"PFM003","LIC PENSION FUND LIMITED","SM003011","NPS TRUST - A/C LIC PENSION FUND SCHEME - ATAL PENSION YOJANA (APY)",15.2744
02/03/2020,"PFM003","LIC PENSION FUND LIMITED","SM003008","LIC PENSION FUND SCHEME E - TIER II",16.0229
02/03/2020,"PFM003","LIC PENSION FUND LIMITED","SM003007","LIC PENSION FUND SCHEME G - TIER I",20.5632
02/03/2020,"PFM008","HDFC PENSION MANAGEMENT COMPANY LIMITED","SM008001","HDFC PENSION MANAGEMENT COMPANY LIMITED SCHEME E - TIER I",22.8685
02/03/2020,"PFM008","HDFC PENSION MANAGEMENT COMPANY LIMITED","SM008005","HDFC PENSION MANAGEMENT COMPANY LIMITED SCHEME C - TIER II",17.8600
02/03/2020,"PFM008","HDFC PENSION MANAGEMENT COMPANY LIMITED","SM008008","HDFC PENSION MANAGEMENT COMPANY LIMITED SCHEME A - TIER I",13.2255
02/03/2020,"PFM008","HDFC PENSION MANAGEMENT COMPANY LIMITED","SM008007","NPS TRUST A/C-HDFC PENSION MANAGEMENT COMPANY LIMITED SCHEME - NPS LITE SCHEME - GOVT. PATTERN",10.0000
02/03/2020,"PFM008","HDFC PENSION MANAGEMENT COMPANY LIMITED","SM008009","HDFC PENSION MANAGEMENT COMPANY LIMITED SCHEME A - TIER II",10.0000
02/03/2020,"PFM008","HDFC PENSION MANAGEMENT COMPANY LIMITED","SM008006","HDFC PENSION MANAGEMENT COMPANY LIMITED SCHEME G - TIER II",19.4516
02/03/2020,"PFM008","HDFC PENSION MANAGEMENT COMPANY LIMITED","SM008004","HDFC PENSION MANAGEMENT COMPANY LIMITED SCHEME E - TIER II",19.7853
02/03/2020,"PFM008","HDFC PENSION MANAGEMENT COMPANY LIMITED","SM008003","HDFC PENSION MANAGEMENT COMPANY LIMITED SCHEME G - TIER I",19.0472
02/03/2020,"PFM008","HDFC PENSION MANAGEMENT COMPANY LIMITED","SM008002","HDFC PENSION MANAGEMENT COMPANY LIMITED SCHEME C - TIER I",18.9268
02/03/2020,"PFM010","BIRLA SUN LIFE PENSION MANAGEMENT LIMITED","SM010005","BIRLA SUN LIFE PENSION SCHEME E - TIER II",12.4513
02/03/2020,"PFM010","BIRLA SUN LIFE PENSION MANAGEMENT LIMITED","SM010006","BIRLA SUN LIFE PENSION SCHEME C - TIER II",12.4216
02/03/2020,"PFM010","BIRLA SUN LIFE PENSION MANAGEMENT LIMITED","SM010004","BIRLA SUN LIFE PENSION SCHEME A - TIER I",11.9859
02/03/2020,"PFM010","BIRLA SUN LIFE PENSION MANAGEMENT LIMITED","SM010003","BIRLA SUN LIFE PENSION SCHEME G - TIER I",12.7359
02/03/2020,"PFM010","BIRLA SUN LIFE PENSION MANAGEMENT LIMITED","SM010002","BIRLA SUN LIFE PENSION SCHEME C - TIER I",12.8707
02/03/2020,"PFM010","BIRLA SUN LIFE PENSION MANAGEMENT LIMITED","SM010001","BIRLA SUN LIFE PENSION SCHEME E - TIER I",12.5450
02/03/2020,"PFM010","BIRLA SUN LIFE PENSION MANAGEMENT LIMITED","SM010008","BIRLA SUN LIFE PENSION SCHEME A - TIER II",10.0000
02/03/2020,"PFM010","BIRLA SUN LIFE PENSION MANAGEMENT LIMITED","SM010007","BIRLA SUN LIFE PENSION SCHEME G - TIER II",12.2926
02/03/2020,"PFM002","UTI RETIREMENT SOLUTIONS LIMITED","SM002005","UTI RETIREMENT SOLUTIONS PENSION FUND SCHEME G - TIER I",24.8390
02/03/2020,"PFM002","UTI RETIREMENT SOLUTIONS LIMITED","SM002010","UTI RETIREMENT SOLUTIONS PENSION FUND SCHEME - CORPORATE-CG",10.0000
02/03/2020,"PFM002","UTI RETIREMENT SOLUTIONS LIMITED","SM002009","NPS TRUST A/C-UTI RETIREMENT SOLUTIONS LIMITED- NPS LITE SCHEME - GOVT. PATTERN",24.7847
02/03/2020,"PFM002","UTI RETIREMENT SOLUTIONS LIMITED","SM002001","UTI RETIREMENT SOLUTIONS PENSION FUND SCHEME- CENTRAL GOVT",29.8894
02/03/2020,"PFM002","UTI RETIREMENT SOLUTIONS LIMITED","SM002006","UTI RETIREMENT SOLUTIONS SCHEME E - TIER II",24.3365
02/03/2020,"PFM002","UTI RETIREMENT SOLUTIONS LIMITED","SM002004","UTI RETIREMENT SOLUTIONS PENSION FUND SCHEME C - TIER I",25.9501
02/03/2020,"PFM002","UTI RETIREMENT SOLUTIONS LIMITED","SM002003","UTI RETIREMENT SOLUTIONS PENSION FUND SCHEME E - TIER I",29.7501
02/03/2020,"PFM002","UTI RETIREMENT SOLUTIONS LIMITED","SM002002","UTI RETIREMENT SOLUTIONS PENSION FUND SCHEME- STATE GOVT",26.6306
02/03/2020,"PFM002","UTI RETIREMENT SOLUTIONS LIMITED","SM002011","NPS TRUST - A/C UTI RETIREMENT SOLUTIONS LTD. SCHEME - ATAL PENSION YOJANA (APY)",15.3402
02/03/2020,"PFM002","UTI RETIREMENT SOLUTIONS LIMITED","SM002013","UTI RETIREMENT SOLUTIONS PENSION FUND SCHEME A - TIER II",10.0000
02/03/2020,"PFM002","UTI RETIREMENT SOLUTIONS LIMITED","SM002012","UTI RETIREMENT SOLUTIONS PENSION FUND SCHEME A - TIER I",12.4395
02/03/2020,"PFM002","UTI RETIREMENT SOLUTIONS LIMITED","SM002007","UTI RETIREMENT SOLUTIONS SCHEME C - TIER II",24.9546
02/03/2020,"PFM002","UTI RETIREMENT SOLUTIONS LIMITED","SM002008","UTI RETIREMENT SOLUTIONS  SCHEME G - TIER II",25.5358
02/03/2020,"PFM005","KOTAK MAHINDRA PENSION FUND LIMITED","SM005001","KOTAK PENSION FUND SCHEME E - TIER I",28.0204
02/03/2020,"PFM005","KOTAK MAHINDRA PENSION FUND LIMITED","SM005008","KOTAK PENSION FUND SCHEME A - TIER I",12.8237
02/03/2020,"PFM005","KOTAK MAHINDRA PENSION FUND LIMITED","SM005007","NPS TRUST A/C-KOTAK MAHINDRA PENSION FUND LIMITED- NPS LITE SCHEME - GOVT. PATTERN",21.5366
02/03/2020,"PFM005","KOTAK MAHINDRA PENSION FUND LIMITED","SM005005","KOTAK PENSION FUND SCHEME C - TIER II",24.6269
02/03/2020,"PFM005","KOTAK MAHINDRA PENSION FUND LIMITED","SM005009","KOTAK PENSION FUND SCHEME A - TIER II",10.0000
02/03/2020,"PFM005","KOTAK MAHINDRA PENSION FUND LIMITED","SM005004","KOTAK PENSION FUND SCHEME E - TIER II",24.8302
02/03/2020,"PFM005","KOTAK MAHINDRA PENSION FUND LIMITED","SM005006","KOTAK PENSION FUND SCHEME G - TIER II",23.6926
02/03/2020,"PFM005","KOTAK MAHINDRA PENSION FUND LIMITED","SM005003","KOTAK PENSION FUND SCHEME G - TIER I",25.4981
02/03/2020,"PFM005","KOTAK MAHINDRA PENSION FUND LIMITED","SM005002","KOTAK PENSION FUND SCHEME C - TIER I",28.1957
02/03/2020,"PFM007","ICICI PRUDENTIAL PENSION FUNDS MANAGEMENT COMPANY LIMITED","SM007001","ICICI PRUDENTIAL PENSION FUND SCHEME E - TIER I",30.0846
02/03/2020,"PFM007","ICICI PRUDENTIAL PENSION FUNDS MANAGEMENT COMPANY LIMITED","SM007008","ICICI PRUDENTIAL PENSION FUND SCHEME A - TIER I",12.7707
02/03/2020,"PFM007","ICICI PRUDENTIAL PENSION FUNDS MANAGEMENT COMPANY LIMITED","SM007007","NPS TRUST A/C-ICICI PRUDENTIAL PENSION FUNDS MANAGEMENT COMPANY LIMITED- NPS LITE SCHEME - GOVT. PATTERN",10.0000
02/03/2020,"PFM007","ICICI PRUDENTIAL PENSION FUNDS MANAGEMENT COMPANY LIMITED","SM007005","ICICI PRUDENTIAL PENSION FUND  SCHEME C - TIER II",26.7992
02/03/2020,"PFM007","ICICI PRUDENTIAL PENSION FUNDS MANAGEMENT COMPANY LIMITED","SM007009","ICICI PRUDENTIAL PENSION FUND SCHEME A - TIER II",10.0000
02/03/2020,"PFM007","ICICI PRUDENTIAL PENSION FUNDS MANAGEMENT COMPANY LIMITED","SM007006","ICICI PRUDENTIAL PENSION FUND  SCHEME G - TIER II",24.4964
02/03/2020,"PFM007","ICICI PRUDENTIAL PENSION FUNDS MANAGEMENT COMPANY LIMITED","SM007004","ICICI PRUDENTIAL PENSION FUND SCHEME E - TIER II",23.7454
02/03/2020,"PFM007","ICICI PRUDENTIAL PENSION FUNDS MANAGEMENT COMPANY LIMITED","SM007003","ICICI PRUDENTIAL PENSION FUND  SCHEME G - TIER I",25.5889
02/03/2020,"PFM007","ICICI PRUDENTIAL PENSION FUNDS MANAGEMENT COMPANY LIMITED","SM007002","ICICI PRUDENTIAL PENSION FUND  SCHEME C - TIER I",28.8781
