01/27/2025,PFM001,SBI PENSION FUNDS PRIVATE LIMITED,SM001001,SBI PENSION FUND SCHEME - CENTRAL GOVT,46.6048
01/27/2025,PFM001,SBI PENSION FUNDS PRIVATE LIMITED,SM001002,SBI PENSION FUND SCHEME - STATE GOVT,40.0353
01/27/2025,PFM001,SBI PENSION FUNDS PRIVATE LIMITED,SM001003,SBI PENSION FUND SCHEME E - TIER I,51.3894
01/27/2025,PFM001,SBI PENSION FUNDS PRIVATE LIMITED,SM001004,SBI PENSION FUND SCHEME C - TIER I,42.0226
01/27/2025,PFM001,SBI PENSION FUNDS PRIVATE LIMITED,SM001006,SBI PENSION FUND SCHEME E - TIER II,48.6671
01/27/2025,PFM001,SBI PENSION FUNDS PRIVATE LIMITED,SM001009,NPS TRUST A/C-SBI PENSION FUNDS PRIVATE LIMITED- NPS LITE SCHEME - GOVT. PATTERN,37.7338
01/27/2025,PFM001,SBI PENSION FUNDS PRIVATE LIMITED,SM001010,SBI PENSION FUNDS PVT LTD SCHEME - CORPORATE-CG,29.7980
01/27/2025,PFM001,SBI PENSION FUNDS PRIVATE LIMITED,SM001015,NPS TRUST - A/C SBI PENSION FUND SCHEME - APY FUND SCHEME,11.7560
01/27/2025,PFM001,SBI PENSION FUNDS PRIVATE LIMITED,SM001005,SBI PENSION FUND SCHEME G - TIER I,39.4461
01/27/2025,PFM001,SBI PENSION FUNDS PRIVATE LIMITED,SM001007,SBI PENSION FUND SCHEME C - TIER II,37.5777
01/27/2025,PFM001,SBI PENSION FUNDS PRIVATE LIMITED,SM001008,SBI PENSION FUND SCHEME G - TIER II,37.4451
01/27/2025,PFM001,SBI PENSION FUNDS PRIVATE LIMITED,SM001011,NPS TRUST - A/C SBI PENSION FUND SCHEME - ATAL PENSION YOJANA (APY),22.6981
01/27/2025,PFM001,SBI PENSION FUNDS PRIVATE LIMITED,SM001012,SBI PENSION FUND SCHEME A - TIER I,20.4140
01/27/2025,PFM001,SBI PENSION FUNDS PRIVATE LIMITED,SM001013,SBI PENSION FUND SCHEME A - TIER II,10.0000
01/27/2025,PFM001,SBI PENSION FUNDS PRIVATE LIMITED,SM001014,NPS TRUST A/C-SBI PENSION FUND SCHEME TAX SAVER TIER II,13.0799
01/27/2025,PFM001,SBI PENSION FUNDS PRIVATE LIMITED,SM001016,NPS TRUST - A/C SBI PENSION FUND SCHEME - NPS TIER - II COMPOSITE SCHEME,10.3346
01/27/2025,PFM002,UTI PENSION FUND LIMITED,SM002001,NPS TRUST- A/C - UTI PENSION FUND SCHEME - CENTRAL GOVT,45.4263
01/27/2025,PFM002,UTI PENSION FUND LIMITED,SM002002,NPS TRUST- A/C - UTI PENSION FUND SCHEME - STATE GOVT,40.4449
01/27/2025,PFM002,UTI PENSION FUND LIMITED,SM002003,NPS TRUST- A/C - UTI PENSION FUND SCHEME E - TIER I,65.7011
01/27/2025,PFM002,UTI PENSION FUND LIMITED,SM002004,NPS TRUST- A/C - UTI PENSION FUND SCHEME C - TIER I,37.1597
01/27/2025,PFM002,UTI PENSION FUND LIMITED,SM002006,NPS TRUST- A/C - UTI PENSION FUND SCHEME E - TIER II,52.2039
01/27/2025,PFM002,UTI PENSION FUND LIMITED,SM002009,NPS TRUST- A/C - UTI PENSION FUND - NPS LITE SCHEME GOVT. PATTERN,37.5687
01/27/2025,PFM002,UTI PENSION FUND LIMITED,SM002010,NPS TRUST- A/C - UTI PENSION FUND SCHEME - CORPORATE CG,10.0000
01/27/2025,PFM002,UTI PENSION FUND LIMITED,SM002015,NPS TRUST- A/C - UTI PENSION FUND SCHEME - APY FUND SCHEME,12.0211
01/27/2025,PFM002,UTI PENSION FUND LIMITED,SM002005,NPS TRUST- A/C - UTI PENSION FUND SCHEME G - TIER I,35.2931
01/27/2025,PFM002,UTI PENSION FUND LIMITED,SM002007,NPS TRUST- A/C - UTI PENSION FUND SCHEME C - TIER II,35.4443
01/27/2025,PFM002,UTI PENSION FUND LIMITED,SM002008,NPS TRUST- A/C - UTI PENSION FUND SCHEME G - TIER II,36.0518
01/27/2025,PFM002,UTI PENSION FUND LIMITED,SM002011,NPS TRUST- A/C - UTI PENSION FUND SCHEME - ATAL PENSION YOJANA (APY),23.2360
01/27/2025,PFM002,UTI PENSION FUND LIMITED,SM002012,NPS TRUST- A/C - UTI PENSION FUND SCHEME A - TIER I,17.3144
01/27/2025,PFM002,UTI PENSION FUND LIMITED,SM002013,NPS TRUST- A/C - UTI PENSION FUND SCHEME A - TIER II,10.0000
01/27/2025,PFM002,UTI PENSION FUND LIMITED,SM002014,NPS TRUST- A/C - UTI PENSION FUND SCHEME TAX SAVER - TIER II,13.3891
01/27/2025,PFM002,UTI PENSION FUND LIMITED,SM002016,NPS TRUST- A/C - UTI PENSION FUND SCHEME - NPS TIER- II COMPOSITE,10.4453
01/27/2025,PFM003,LIC PENSION FUND LIMITED,SM003001,LIC PENSION FUND SCHEME - CENTRAL GOVT,45.7080
01/27/2025,PFM003,LIC PENSION FUND LIMITED,SM003002,LIC PENSION FUND SCHEME - STATE GOVT,40.6744
01/27/2025,PFM003,LIC PENSION FUND LIMITED,SM003003,NPS TRUST A/C-LIC PENSION FUND LIMITED- NPS LITE SCHEME - GOVT. PATTERN,37.8244
01/27/2025,PFM003,LIC PENSION FUND LIMITED,SM003004,LIC PENSION FUND LIMITED SCHEME - CORPORATE-CG,30.1636
01/27/2025,PFM003,LIC PENSION FUND LIMITED,SM003006,LIC PENSION FUND SCHEME C - TIER I,26.9835
01/27/2025,PFM003,LIC PENSION FUND LIMITED,SM003009,LIC PENSION FUND SCHEME C - TIER II,25.5996
01/27/2025,PFM003,LIC PENSION FUND LIMITED,SM003010,LIC PENSION FUND SCHEME G - TIER II,29.9717
01/27/2025,PFM003,LIC PENSION FUND LIMITED,SM003015,NPS TRUST - A/C LIC PENSION FUND SCHEME - APY FUND SCHEME,12.0341
01/27/2025,PFM003,LIC PENSION FUND LIMITED,SM003005,LIC PENSION FUND SCHEME E - TIER I,41.0954
01/27/2025,PFM003,LIC PENSION FUND LIMITED,SM003007,LIC PENSION FUND SCHEME G - TIER I,29.4701
01/27/2025,PFM003,LIC PENSION FUND LIMITED,SM003008,LIC PENSION FUND SCHEME E - TIER II,34.2587
01/27/2025,PFM003,LIC PENSION FUND LIMITED,SM003011,NPS TRUST - A/C LIC PENSION FUND SCHEME - ATAL PENSION YOJANA (APY),23.3464
01/27/2025,PFM003,LIC PENSION FUND LIMITED,SM003012,LIC PENSION FUND SCHEME A - TIER I,18.2430
01/27/2025,PFM003,LIC PENSION FUND LIMITED,SM003013,LIC PENSION FUND SCHEME A - TIER II,10.0000
01/27/2025,PFM003,LIC PENSION FUND LIMITED,SM003014,NPS TRUST - A/C LIC PENSION FUND SCHEME TAX SAVER TIER II,14.0336
01/27/2025,PFM003,LIC PENSION FUND LIMITED,SM003016,NPS TRUST - A/C LIC PENSION FUND SCHEME - NPS TIER - II COMPOSITE SCHEME,10.3978
01/27/2025,PFM005,KOTAK MAHINDRA PENSION FUND LIMITED,SM005005,KOTAK PENSION FUND SCHEME C - TIER II,34.8788
01/27/2025,PFM005,KOTAK MAHINDRA PENSION FUND LIMITED,SM005007,NPS TRUST A/C-KOTAK MAHINDRA PENSION FUND LIMITED- NPS LITE SCHEME - GOVT. PATTERN,32.9017
01/27/2025,PFM005,KOTAK MAHINDRA PENSION FUND LIMITED,SM005008,KOTAK PENSION FUND SCHEME A - TIER I,17.6974
01/27/2025,PFM005,KOTAK MAHINDRA PENSION FUND LIMITED,SM005001,KOTAK PENSION FUND SCHEME E - TIER I,61.3873
01/27/2025,PFM005,KOTAK MAHINDRA PENSION FUND LIMITED,SM005002,KOTAK PENSION FUND SCHEME C - TIER I,40.1183
01/27/2025,PFM005,KOTAK MAHINDRA PENSION FUND LIMITED,SM005003,KOTAK PENSION FUND SCHEME G - TIER I,36.3266
01/27/2025,PFM005,KOTAK MAHINDRA PENSION FUND LIMITED,SM005004,KOTAK PENSION FUND SCHEME E - TIER II,53.9843
01/27/2025,PFM005,KOTAK MAHINDRA PENSION FUND LIMITED,SM005006,KOTAK PENSION FUND SCHEME G - TIER II,33.5473
01/27/2025,PFM005,KOTAK MAHINDRA PENSION FUND LIMITED,SM005009,KOTAK PENSION FUND SCHEME A - TIER II,10.0000
01/27/2025,PFM005,KOTAK MAHINDRA PENSION FUND LIMITED,SM005010,NPS TRUST A/C-KOTAK MAHINDRA PENSION FUND SCHEME TAX SAVER TIER II,14.0772
01/27/2025,PFM007,ICICI PRUDENTIAL PENSION FUNDS MANAGEMENT COMPANY LIMITED,SM007005,ICICI PRUDENTIAL PENSION FUND SCHEME C - TIER II,38.7473
01/27/2025,PFM007,ICICI PRUDENTIAL PENSION FUNDS MANAGEMENT COMPANY LIMITED,SM007007,NPS TRUST A/C-ICICI PRUDENTIAL PENSION FUNDS MANAGEMENT COMPANY LIMITED- NPS LITE SCHEME - GOVT. PATTERN,10.0000
01/27/2025,PFM007,ICICI PRUDENTIAL PENSION FUNDS MANAGEMENT COMPANY LIMITED,SM007008,ICICI PRUDENTIAL PENSION FUND SCHEME A - TIER I,17.8339
01/27/2025,PFM007,ICICI PRUDENTIAL PENSION FUNDS MANAGEMENT COMPANY LIMITED,SM007001,ICICI PRUDENTIAL PENSION FUND SCHEME E - TIER I,66.2215
01/27/2025,PFM007,ICICI PRUDENTIAL PENSION FUNDS MANAGEMENT COMPANY LIMITED,SM007002,ICICI PRUDENTIAL PENSION FUND SCHEME C - TIER I,41.8532
01/27/2025,PFM007,ICICI PRUDENTIAL PENSION FUNDS MANAGEMENT COMPANY LIMITED,SM007003,ICICI PRUDENTIAL PENSION FUND SCHEME G - TIER I,36.4176
01/27/2025,PFM007,ICICI PRUDENTIAL PENSION FUNDS MANAGEMENT COMPANY LIMITED,SM007004,ICICI PRUDENTIAL PENSION FUND SCHEME E - TIER II,52.2076
01/27/2025,PFM007,ICICI PRUDENTIAL PENSION FUNDS MANAGEMENT COMPANY LIMITED,SM007006,ICICI PRUDENTIAL PENSION FUND SCHEME G - TIER II,34.9206
01/27/2025,PFM007,ICICI PRUDENTIAL PENSION FUNDS MANAGEMENT COMPANY LIMITED,SM007009,ICICI PRUDENTIAL PENSION FUND SCHEME A - TIER II,10.0000
01/27/2025,PFM007,ICICI PRUDENTIAL PENSION FUNDS MANAGEMENT COMPANY LIMITED,SM007010,ICICI PRUDENTIAL PENSION FUNDS SCHEME TAX SAVER TIER II,13.7893
01/27/2025,PFM008,HDFC PENSION FUND MANAGEMENT LIMITED,SM008005,NPS TRUST- A/C HDFC PENSION FUND MANAGEMENT LIMITED SCHEME C - TIER II,25.9541
01/27/2025,PFM008,HDFC PENSION FUND MANAGEMENT LIMITED,SM008007,NPS TRUST- A/C HDFC PENSION FUND MANAGEMENT LIMITED SCHEME - NPS LITE SCHEME - GOVT. PATTERN,10.0000
01/27/2025,PFM008,HDFC PENSION FUND MANAGEMENT LIMITED,SM008008,NPS TRUST- A/C HDFC PENSION FUND MANAGEMENT LIMITED SCHEME A - TIER I,19.7294
01/27/2025,PFM008,HDFC PENSION FUND MANAGEMENT LIMITED,SM008001,NPS TRUST- A/C HDFC PENSION FUND MANAGEMENT LIMITED SCHEME E - TIER I,48.7171
01/27/2025,PFM008,HDFC PENSION FUND MANAGEMENT LIMITED,SM008002,NPS TRUST- A/C HDFC PENSION FUND MANAGEMENT LIMITED SCHEME C - TIER I,27.7700
01/27/2025,PFM008,HDFC PENSION FUND MANAGEMENT LIMITED,SM008003,NPS TRUST- A/C HDFC PENSION FUND MANAGEMENT LIMITED SCHEME G - TIER I,27.2867
01/27/2025,PFM008,HDFC PENSION FUND MANAGEMENT LIMITED,SM008004,NPS TRUST- A/C HDFC PENSION FUND MANAGEMENT LIMITED SCHEME E - TIER II,42.1259
01/27/2025,PFM008,HDFC PENSION FUND MANAGEMENT LIMITED,SM008006,NPS TRUST- A/C HDFC PENSION FUND MANAGEMENT LIMITED SCHEME G - TIER II,27.6463
01/27/2025,PFM008,HDFC PENSION FUND MANAGEMENT LIMITED,SM008009,HDFC PENSION FUND MANAGEMENT LIMITED SCHEME A - TIER II,10.0000
01/27/2025,PFM008,HDFC PENSION FUND MANAGEMENT LIMITED,SM008010,NPS TRUST- A/C HDFC PENSION FUND MANAGEMENT LIMITED SCHEME TAX SAVER - TIER II,13.4842
01/27/2025,PFM010,ADITYA BIRLA SUNLIFE PENSION FUND MANAGEMENT LIMITED,SM010001,ADITYA BIRLA SUNLIFE PENSION FUND SCHEME E - TIER I,25.8955
01/27/2025,PFM010,ADITYA BIRLA SUNLIFE PENSION FUND MANAGEMENT LIMITED,SM010002,ADITYA BIRLA SUNLIFE PENSION FUND SCHEME C - TIER I,18.6578
01/27/2025,PFM010,ADITYA BIRLA SUNLIFE PENSION FUND MANAGEMENT LIMITED,SM010003,ADITYA BIRLA SUNLIFE PENSION FUND SCHEME G - TIER I,18.3053
01/27/2025,PFM010,ADITYA BIRLA SUNLIFE PENSION FUND MANAGEMENT LIMITED,SM010004,ADITYA BIRLA SUNLIFE PENSION FUND SCHEME A - TIER I,16.3553
01/27/2025,PFM010,ADITYA BIRLA SUNLIFE PENSION FUND MANAGEMENT LIMITED,SM010006,ADITYA BIRLA SUNLIFE PENSION FUND SCHEME C - TIER II,18.0329
01/27/2025,PFM010,ADITYA BIRLA SUNLIFE PENSION FUND MANAGEMENT LIMITED,SM010009,ADITYA BIRLA SUN LIFE PENSION FUND SCHEME TAX SAVER TIER II,14.1335
01/27/2025,PFM010,ADITYA BIRLA SUNLIFE PENSION FUND MANAGEMENT LIMITED,SM010005,ADITYA BIRLA SUNLIFE PENSION FUND SCHEME E - TIER II,26.1434
01/27/2025,PFM010,ADITYA BIRLA SUNLIFE PENSION FUND MANAGEMENT LIMITED,SM010007,ADITYA BIRLA SUNLIFE PENSION FUND SCHEME G - TIER II,17.5831
01/27/2025,PFM010,ADITYA BIRLA SUNLIFE PENSION FUND MANAGEMENT LIMITED,SM010008,ADITYA BIRLA SUNLIFE PENSION FUND SCHEME A - TIER II,10.0000
01/27/2025,PFM011,TATA PENSION FUND MANAGEMENT PRIVATE LIMITED,SM011005,TATA PENSION FUND MANAGEMENT PRIVATE LIMITED SCHEME E - TIER II,14.1232
01/27/2025,PFM011,TATA PENSION FUND MANAGEMENT PRIVATE LIMITED,SM011007,TATA PENSION FUND MANAGEMENT PRIVATE LIMITED SCHEME G - TIER II,12.3724
01/27/2025,PFM011,TATA PENSION FUND MANAGEMENT PRIVATE LIMITED,SM011008,TATA PENSION FUND MANAGEMENT PRIVATE LIMITED TAX SAVER - TIER II,12.2340
01/27/2025,PFM011,TATA PENSION FUND MANAGEMENT PRIVATE LIMITED,SM011001,TATA PENSION FUND MANAGEMENT PRIVATE LIMITED SCHEME E - TIER I,14.1320
01/27/2025,PFM011,TATA PENSION FUND MANAGEMENT PRIVATE LIMITED,SM011002,TATA PENSION FUND MANAGEMENT PRIVATE LIMITED SCHEME C - TIER I,11.9435
01/27/2025,PFM011,TATA PENSION FUND MANAGEMENT PRIVATE LIMITED,SM011003,TATA PENSION FUND MANAGEMENT PRIVATE LIMITED SCHEME G - TIER I,12.3232
01/27/2025,PFM011,TATA PENSION FUND MANAGEMENT PRIVATE LIMITED,SM011004,TATA PENSION FUND MANAGEMENT PRIVATE LIMITED SCHEME A - TIER I,12.1568
01/27/2025,PFM011,TATA PENSION FUND MANAGEMENT PRIVATE LIMITED,SM011006,TATA PENSION FUND MANAGEMENT PRIVATE LIMITED SCHEME C - TIER II,12.0462
01/27/2025,PFM012,MAX LIFE PENSION FUND MANAGEMENT LIMITED,SM012005,MAX LIFE PENSION FUND MANAGEMENT LIMITED SCHEME E - TIER II,13.6254
01/27/2025,PFM012,MAX LIFE PENSION FUND MANAGEMENT LIMITED,SM012007,MAX LIFE PENSION FUND MANAGEMENT LIMITED SCHEME G - TIER II,12.0182
01/27/2025,PFM012,MAX LIFE PENSION FUND MANAGEMENT LIMITED,SM012008,MAX LIFE PENSION FUND MANAGEMENT LIMITED TAX SAVER TIER II,11.5974
01/27/2025,PFM012,MAX LIFE PENSION FUND MANAGEMENT LIMITED,SM012001,MAX LIFE PENSION FUND MANAGEMENT LIMITED SCHEME E - TIER I,12.9596
01/27/2025,PFM012,MAX LIFE PENSION FUND MANAGEMENT LIMITED,SM012002,MAX LIFE PENSION FUND MANAGEMENT LIMITED SCHEME C - TIER I,11.9316
01/27/2025,PFM012,MAX LIFE PENSION FUND MANAGEMENT LIMITED,SM012003,MAX LIFE PENSION FUND MANAGEMENT LIMITED SCHEME G - TIER I,12.3460
01/27/2025,PFM012,MAX LIFE PENSION FUND MANAGEMENT LIMITED,SM012004,MAX LIFE PENSION FUND MANAGEMENT LIMITED SCHEME A - TIER I,10.0805
01/27/2025,PFM012,MAX LIFE PENSION FUND MANAGEMENT LIMITED,SM012006,MAX LIFE PENSION FUND MANAGEMENT LIMITED SCHEME C - TIER II,12.0722
01/27/2025,PFM013,AXIS PENSION FUND MANAGEMENT LIMITED,SM013005,AXIS PENSION FUND MANAGEMENT LIMITED SCHEME E - TIER II,13.6078
01/27/2025,PFM013,AXIS PENSION FUND MANAGEMENT LIMITED,SM013007,AXIS PENSION FUND MANAGEMENT LIMITED SCHEME G - TIER II,12.0370
01/27/2025,PFM013,AXIS PENSION FUND MANAGEMENT LIMITED,SM013008,AXIS PENSION FUND MANAGEMENT LIMITED SCHEME TAX SAVER - TIER II,11.5211
01/27/2025,PFM013,AXIS PENSION FUND MANAGEMENT LIMITED,SM013001,AXIS PENSION FUND MANAGEMENT LIMITED SCHEME E - TIER I,13.4016
01/27/2025,PFM013,AXIS PENSION FUND MANAGEMENT LIMITED,SM013002,AXIS PENSION FUND MANAGEMENT LIMITED SCHEME C - TIER I,11.9352
01/27/2025,PFM013,AXIS PENSION FUND MANAGEMENT LIMITED,SM013003,AXIS PENSION FUND MANAGEMENT LIMITED SCHEME G - TIER I,12.1801
01/27/2025,PFM013,AXIS PENSION FUND MANAGEMENT LIMITED,SM013004,AXIS PENSION FUND MANAGEMENT LIMITED SCHEME A - TIER I,11.6198
01/27/2025,PFM013,AXIS PENSION FUND MANAGEMENT LIMITED,SM013006,AXIS PENSION FUND MANAGEMENT LIMITED SCHEME C - TIER II,11.7381
01/27/2025,PFM014,DSP PENSION FUND MANAGERS PRIVATE LIMITED,SM014005,NPS TRUST A/C DSP PENSION FUND MANAGERS PRIVATE LIMITED SCHEME E - TIER II,11.7070
01/27/2025,PFM014,DSP PENSION FUND MANAGERS PRIVATE LIMITED,SM014007,NPS TRUST A/C DSP PENSION FUND MANAGERS PRIVATE LIMITED SCHEME G - TIER II,11.0269
01/27/2025,PFM014,DSP PENSION FUND MANAGERS PRIVATE LIMITED,SM014008,NPS TRUST A/C DSP PENSION FUND MANAGERS PRIVATE LIMITED SCHEME TAX SAVER TIER II,10.6541
01/27/2025,PFM014,DSP PENSION FUND MANAGERS PRIVATE LIMITED,SM014001,NPS TRUST A/C DSP PENSION FUND MANAGERS PRIVATE LIMITED SCHEME E - TIER I,11.9550
01/27/2025,PFM014,DSP PENSION FUND MANAGERS PRIVATE LIMITED,SM014002,NPS TRUST A/C DSP PENSION FUND MANAGERS PRIVATE LIMITED SCHEME C - TIER I,10.9616
01/27/2025,PFM014,DSP PENSION FUND MANAGERS PRIVATE LIMITED,SM014003,NPS TRUST A/C DSP PENSION FUND MANAGERS PRIVATE LIMITED SCHEME G - TIER I,11.2629
01/27/2025,PFM014,DSP PENSION FUND MANAGERS PRIVATE LIMITED,SM014004,NPS TRUST A/C DSP PENSION FUND MANAGERS PRIVATE LIMITED SCHEME A - TIER I,10.7199
01/27/2025,PFM014,DSP PENSION FUND MANAGERS PRIVATE LIMITED,SM014006,NPS TRUST A/C DSP PENSION FUND MANAGERS PRIVATE LIMITED SCHEME C - TIER II,11.1279
