02/10/2020,"PFM001","SBI PENSION FUNDS PRIVATE LIMITED","SM001005","SBI PENSION FUND SCHEME G - TIER I",27.8665
02/10/2020,"PFM001","SBI PENSION FUNDS PRIVATE LIMITED","SM001001","SBI PENSION FUND SCHEME - CENTRAL GOVT",31.3179
02/10/2020,"PFM001","SBI PENSION FUNDS PRIVATE LIMITED","SM001010","SBI PENSION FUNDS PVT. LTD. SCHEME - CORPORATE-CG",20.0171
02/10/2020,"PFM001","SBI PENSION FUNDS PRIVATE LIMITED","SM001009","NPS TRUST A/C-SBI PENSION FUNDS PRIVATE LIMITED- NPS LITE SCHEME - GOVT. PATTERN",25.3077
02/10/2020,"PFM001","SBI PENSION FUNDS PRIVATE LIMITED","SM001002","SBI PENSION FUND SCHEME - STATE GOVT",26.9517
02/10/2020,"PFM001","SBI PENSION FUNDS PRIVATE LIMITED","SM001006","SBI PENSION FUND SCHEME E - TIER II",24.1927
02/10/2020,"PFM001","SBI PENSION FUNDS PRIVATE LIMITED","SM001004","SBI PENSION FUND SCHEME C - TIER I",29.4472
02/10/2020,"PFM001","SBI PENSION FUNDS PRIVATE LIMITED","SM001003","SBI PENSION FUND SCHEME E - TIER I",26.2343
02/10/2020,"PFM001","SBI PENSION FUNDS PRIVATE LIMITED","SM001011","NPS TRUST - A/C SBI PENSION FUND SCHEME - ATAL PENSION YOJANA (APY)",15.2466
02/10/2020,"PFM001","SBI PENSION FUNDS PRIVATE LIMITED","SM001013","SBI PENSION FUND SCHEME A - TIER II",10.0000
02/10/2020,"PFM001","SBI PENSION FUNDS PRIVATE LIMITED","SM001012","SBI PENSION FUND SCHEME A - TIER I",12.9801
02/10/2020,"PFM001","SBI PENSION FUNDS PRIVATE LIMITED","SM001008","SBI PENSION FUND SCHEME G - TIER II",26.5320
02/10/2020,"PFM001","SBI PENSION FUNDS PRIVATE LIMITED","SM001007","SBI PENSION FUND SCHEME C - TIER II",26.7215
02/10/2020,"PFM003","LIC PENSION FUND LIMITED","SM003005","LIC PENSION FUND SCHEME E - TIER I",19.6227
02/10/2020,"PFM003","LIC PENSION FUND LIMITED","SM003010","LIC PENSION FUND SCHEME G - TIER II",21.1215
02/10/2020,"PFM003","LIC PENSION FUND LIMITED","SM003009","LIC PENSION FUND SCHEME C - TIER II",17.5827
02/10/2020,"PFM003","LIC PENSION FUND LIMITED","SM003006","LIC PENSION FUND SCHEME C - TIER I",18.9089
02/10/2020,"PFM003","LIC PENSION FUND LIMITED","SM003004","LIC PENSION FUND LIMITED SCHEME - CORPORATE-CG",19.9659
02/10/2020,"PFM003","LIC PENSION FUND LIMITED","SM003003","NPS TRUST A/C-LIC PENSION FUND LIMITED- NPS LITE SCHEME - GOVT. PATTERN",25.0727
02/10/2020,"PFM003","LIC PENSION FUND LIMITED","SM003002","LIC PENSION FUND SCHEME - STATE GOVT",26.9364
02/10/2020,"PFM003","LIC PENSION FUND LIMITED","SM003001","LIC PENSION FUND SCHEME - CENTRAL GOVT",30.1619
02/10/2020,"PFM003","LIC PENSION FUND LIMITED","SM003013","LIC PENSION FUND SCHEME A - TIER II",10.0000
02/10/2020,"PFM003","LIC PENSION FUND LIMITED","SM003012","LIC PENSION FUND SCHEME A - TIER I",13.0648
02/10/2020,"PFM003","LIC PENSION FUND LIMITED","SM003011","NPS TRUST - A/C LIC PENSION FUND SCHEME - ATAL PENSION YOJANA (APY)",15.4464
02/10/2020,"PFM003","LIC PENSION FUND LIMITED","SM003008","LIC PENSION FUND SCHEME E - TIER II",16.4381
02/10/2020,"PFM003","LIC PENSION FUND LIMITED","SM003007","LIC PENSION FUND SCHEME G - TIER I",20.7280
02/10/2020,"PFM008","HDFC PENSION MANAGEMENT COMPANY LIMITED","SM008001","HDFC PENSION MANAGEMENT COMPANY LIMITED SCHEME E - TIER I",23.4445
02/10/2020,"PFM008","HDFC PENSION MANAGEMENT COMPANY LIMITED","SM008005","HDFC PENSION MANAGEMENT COMPANY LIMITED SCHEME C - TIER II",18.0693
02/10/2020,"PFM008","HDFC PENSION MANAGEMENT COMPANY LIMITED","SM008008","HDFC PENSION MANAGEMENT COMPANY LIMITED SCHEME A - TIER I",13.3572
02/10/2020,"PFM008","HDFC PENSION MANAGEMENT COMPANY LIMITED","SM008007","NPS TRUST A/C-HDFC PENSION MANAGEMENT COMPANY LIMITED SCHEME - NPS LITE SCHEME - GOVT. PATTERN",10.0000
02/10/2020,"PFM008","HDFC PENSION MANAGEMENT COMPANY LIMITED","SM008009","HDFC PENSION MANAGEMENT COMPANY LIMITED SCHEME A - TIER II",10.0000
02/10/2020,"PFM008","HDFC PENSION MANAGEMENT COMPANY LIMITED","SM008006","HDFC PENSION MANAGEMENT COMPANY LIMITED SCHEME G - TIER II",19.5948
02/10/2020,"PFM008","HDFC PENSION MANAGEMENT COMPANY LIMITED","SM008004","HDFC PENSION MANAGEMENT COMPANY LIMITED SCHEME E - TIER II",20.2853
02/10/2020,"PFM008","HDFC PENSION MANAGEMENT COMPANY LIMITED","SM008003","HDFC PENSION MANAGEMENT COMPANY LIMITED SCHEME G - TIER I",19.2135
02/10/2020,"PFM008","HDFC PENSION MANAGEMENT COMPANY LIMITED","SM008002","HDFC PENSION MANAGEMENT COMPANY LIMITED SCHEME C - TIER I",19.1467
02/10/2020,"PFM010","BIRLA SUN LIFE PENSION MANAGEMENT LIMITED","SM010005","BIRLA SUN LIFE PENSION SCHEME E - TIER II",12.7931
02/10/2020,"PFM010","BIRLA SUN LIFE PENSION MANAGEMENT LIMITED","SM010006","BIRLA SUN LIFE PENSION SCHEME C - TIER II",12.5642
02/10/2020,"PFM010","BIRLA SUN LIFE PENSION MANAGEMENT LIMITED","SM010004","BIRLA SUN LIFE PENSION SCHEME A - TIER I",11.9979
02/10/2020,"PFM010","BIRLA SUN LIFE PENSION MANAGEMENT LIMITED","SM010003","BIRLA SUN LIFE PENSION SCHEME G - TIER I",12.8457
02/10/2020,"PFM010","BIRLA SUN LIFE PENSION MANAGEMENT LIMITED","SM010002","BIRLA SUN LIFE PENSION SCHEME C - TIER I",13.0201
02/10/2020,"PFM010","BIRLA SUN LIFE PENSION MANAGEMENT LIMITED","SM010001","BIRLA SUN LIFE PENSION SCHEME E - TIER I",12.8871
02/10/2020,"PFM010","BIRLA SUN LIFE PENSION MANAGEMENT LIMITED","SM010008","BIRLA SUN LIFE PENSION SCHEME A - TIER II",10.0000
02/10/2020,"PFM010","BIRLA SUN LIFE PENSION MANAGEMENT LIMITED","SM010007","BIRLA SUN LIFE PENSION SCHEME G - TIER II",12.3999
02/10/2020,"PFM002","UTI RETIREMENT SOLUTIONS LIMITED","SM002005","UTI RETIREMENT SOLUTIONS PENSION FUND SCHEME G - TIER I",25.0079
02/10/2020,"PFM002","UTI RETIREMENT SOLUTIONS LIMITED","SM002010","UTI RETIREMENT SOLUTIONS PENSION FUND SCHEME - CORPORATE-CG",10.0000
02/10/2020,"PFM002","UTI RETIREMENT SOLUTIONS LIMITED","SM002009","NPS TRUST A/C-UTI RETIREMENT SOLUTIONS LIMITED- NPS LITE SCHEME - GOVT. PATTERN",25.0558
02/10/2020,"PFM002","UTI RETIREMENT SOLUTIONS LIMITED","SM002001","UTI RETIREMENT SOLUTIONS PENSION FUND SCHEME- CENTRAL GOVT",30.2209
02/10/2020,"PFM002","UTI RETIREMENT SOLUTIONS LIMITED","SM002006","UTI RETIREMENT SOLUTIONS SCHEME E - TIER II",24.8837
02/10/2020,"PFM002","UTI RETIREMENT SOLUTIONS LIMITED","SM002004","UTI RETIREMENT SOLUTIONS PENSION FUND SCHEME C - TIER I",26.2688
02/10/2020,"PFM002","UTI RETIREMENT SOLUTIONS LIMITED","SM002003","UTI RETIREMENT SOLUTIONS PENSION FUND SCHEME E - TIER I",30.4060
02/10/2020,"PFM002","UTI RETIREMENT SOLUTIONS LIMITED","SM002002","UTI RETIREMENT SOLUTIONS PENSION FUND SCHEME- STATE GOVT",26.9271
02/10/2020,"PFM002","UTI RETIREMENT SOLUTIONS LIMITED","SM002011","NPS TRUST - A/C UTI RETIREMENT SOLUTIONS LTD. SCHEME - ATAL PENSION YOJANA (APY)",15.5084
02/10/2020,"PFM002","UTI RETIREMENT SOLUTIONS LIMITED","SM002013","UTI RETIREMENT SOLUTIONS PENSION FUND SCHEME A - TIER II",10.0000
02/10/2020,"PFM002","UTI RETIREMENT SOLUTIONS LIMITED","SM002012","UTI RETIREMENT SOLUTIONS PENSION FUND SCHEME A - TIER I",12.4518
02/10/2020,"PFM002","UTI RETIREMENT SOLUTIONS LIMITED","SM002007","UTI RETIREMENT SOLUTIONS SCHEME C - TIER II",25.2424
02/10/2020,"PFM002","UTI RETIREMENT SOLUTIONS LIMITED","SM002008","UTI RETIREMENT SOLUTIONS  SCHEME G - TIER II",25.7213
02/10/2020,"PFM005","KOTAK MAHINDRA PENSION FUND LIMITED","SM005001","KOTAK PENSION FUND SCHEME E - TIER I",28.8892
02/10/2020,"PFM005","KOTAK MAHINDRA PENSION FUND LIMITED","SM005008","KOTAK PENSION FUND SCHEME A - TIER I",12.9226
02/10/2020,"PFM005","KOTAK MAHINDRA PENSION FUND LIMITED","SM005007","NPS TRUST A/C-KOTAK MAHINDRA PENSION FUND LIMITED- NPS LITE SCHEME - GOVT. PATTERN",21.8042
02/10/2020,"PFM005","KOTAK MAHINDRA PENSION FUND LIMITED","SM005005","KOTAK PENSION FUND SCHEME C - TIER II",24.9286
02/10/2020,"PFM005","KOTAK MAHINDRA PENSION FUND LIMITED","SM005009","KOTAK PENSION FUND SCHEME A - TIER II",10.0000
02/10/2020,"PFM005","KOTAK MAHINDRA PENSION FUND LIMITED","SM005004","KOTAK PENSION FUND SCHEME E - TIER II",25.6136
02/10/2020,"PFM005","KOTAK MAHINDRA PENSION FUND LIMITED","SM005006","KOTAK PENSION FUND SCHEME G - TIER II",23.8685
02/10/2020,"PFM005","KOTAK MAHINDRA PENSION FUND LIMITED","SM005003","KOTAK PENSION FUND SCHEME G - TIER I",25.6848
02/10/2020,"PFM005","KOTAK MAHINDRA PENSION FUND LIMITED","SM005002","KOTAK PENSION FUND SCHEME C - TIER I",28.5454
02/10/2020,"PFM007","ICICI PRUDENTIAL PENSION FUNDS MANAGEMENT COMPANY LIMITED","SM007001","ICICI PRUDENTIAL PENSION FUND SCHEME E - TIER I",30.9629
02/10/2020,"PFM007","ICICI PRUDENTIAL PENSION FUNDS MANAGEMENT COMPANY LIMITED","SM007008","ICICI PRUDENTIAL PENSION FUND SCHEME A - TIER I",12.8859
02/10/2020,"PFM007","ICICI PRUDENTIAL PENSION FUNDS MANAGEMENT COMPANY LIMITED","SM007007","NPS TRUST A/C-ICICI PRUDENTIAL PENSION FUNDS MANAGEMENT COMPANY LIMITED- NPS LITE SCHEME - GOVT. PATTERN",10.0000
02/10/2020,"PFM007","ICICI PRUDENTIAL PENSION FUNDS MANAGEMENT COMPANY LIMITED","SM007005","ICICI PRUDENTIAL PENSION FUND  SCHEME C - TIER II",27.1061
02/10/2020,"PFM007","ICICI PRUDENTIAL PENSION FUNDS MANAGEMENT COMPANY LIMITED","SM007009","ICICI PRUDENTIAL PENSION FUND SCHEME A - TIER II",10.0000
02/10/2020,"PFM007","ICICI PRUDENTIAL PENSION FUNDS MANAGEMENT COMPANY LIMITED","SM007006","ICICI PRUDENTIAL PENSION FUND  SCHEME G - TIER II",24.7150
02/10/2020,"PFM007","ICICI PRUDENTIAL PENSION FUNDS MANAGEMENT COMPANY LIMITED","SM007004","ICICI PRUDENTIAL PENSION FUND SCHEME E - TIER II",24.4350
02/10/2020,"PFM007","ICICI PRUDENTIAL PENSION FUNDS MANAGEMENT COMPANY LIMITED","SM007003","ICICI PRUDENTIAL PENSION FUND  SCHEME G - TIER I",25.8070
02/10/2020,"PFM007","ICICI PRUDENTIAL PENSION FUNDS MANAGEMENT COMPANY LIMITED","SM007002","ICICI PRUDENTIAL PENSION FUND  SCHEME C - TIER I",29.2207
