05/06/2025,PFM001,SBI PENSION FUNDS PRIVATE LIMITED,SM001005,SBI PENSION FUND SCHEME G - TIER I,41.2487
05/06/2025,PFM001,SBI PENSION FUNDS PRIVATE LIMITED,SM001001,SBI PENSION FUND SCHEME - CENTRAL GOVT,48.6589
05/06/2025,PFM001,SBI PENSION FUNDS PRIVATE LIMITED,SM001007,SBI PENSION FUND SCHEME C - TIER II,38.8046
05/06/2025,PFM001,SBI PENSION FUNDS PRIVATE LIMITED,SM001002,SBI PENSION FUND SCHEME - STATE GOVT,41.6827
05/06/2025,PFM001,SBI PENSION FUNDS PRIVATE LIMITED,SM001008,SBI PENSION FUND SCHEME G - TIER II,39.1261
05/06/2025,PFM001,SBI PENSION FUNDS PRIVATE LIMITED,SM001003,SBI PENSION FUND SCHEME E - TIER I,53.6580
05/06/2025,PFM001,SBI PENSION FUNDS PRIVATE LIMITED,SM001011,NPS TRUST - A/C SBI PENSION FUND SCHEME - ATAL PENSION YOJANA (APY),23.6310
05/06/2025,PFM001,SBI PENSION FUNDS PRIVATE LIMITED,SM001004,SBI PENSION FUND SCHEME C - TIER I,43.4247
05/06/2025,PFM001,SBI PENSION FUNDS PRIVATE LIMITED,SM001012,SBI PENSION FUND SCHEME A - TIER I,21.1753
05/06/2025,PFM001,SBI PENSION FUNDS PRIVATE LIMITED,SM001006,SBI PENSION FUND SCHEME E - TIER II,50.7440
05/06/2025,PFM001,SBI PENSION FUNDS PRIVATE LIMITED,SM001013,SBI PENSION FUND SCHEME A - TIER II,10.0000
05/06/2025,PFM001,SBI PENSION FUNDS PRIVATE LIMITED,SM001009,NPS TRUST A/C-SBI PENSION FUNDS PRIVATE LIMITED- NPS LITE SCHEME - GOVT. PATTERN,39.2419
05/06/2025,PFM001,SBI PENSION FUNDS PRIVATE LIMITED,SM001014,NPS TRUST A/C-SBI PENSION FUND SCHEME TAX SAVER TIER II,13.7076
05/06/2025,PFM001,SBI PENSION FUNDS PRIVATE LIMITED,SM001010,SBI PENSION FUNDS PVT LTD SCHEME - CORPORATE-CG,31.0018
05/06/2025,PFM001,SBI PENSION FUNDS PRIVATE LIMITED,SM001016,NPS TRUST - A/C SBI PENSION FUND SCHEME - NPS TIER - II COMPOSITE SCHEME,10.6546
05/06/2025,PFM001,SBI PENSION FUNDS PRIVATE LIMITED,SM001015,NPS TRUST - A/C SBI PENSION FUND SCHEME - APY FUND SCHEME,12.2180
05/06/2025,PFM001,SBI PENSION FUNDS PRIVATE LIMITED,SM001017,NPS TRUST A/C - SBI PENSION FUND - UPS CG SCHEME,10.0449
05/06/2025,PFM002,UTI PENSION FUND LIMITED,SM002005,NPS TRUST- A/C - UTI PENSION FUND SCHEME G - TIER I,36.9038
05/06/2025,PFM002,UTI PENSION FUND LIMITED,SM002001,NPS TRUST- A/C - UTI PENSION FUND SCHEME - CENTRAL GOVT,47.3928
05/06/2025,PFM002,UTI PENSION FUND LIMITED,SM002007,NPS TRUST- A/C - UTI PENSION FUND SCHEME C - TIER II,36.6073
05/06/2025,PFM002,UTI PENSION FUND LIMITED,SM002002,NPS TRUST- A/C - UTI PENSION FUND SCHEME - STATE GOVT,42.2040
05/06/2025,PFM002,UTI PENSION FUND LIMITED,SM002008,NPS TRUST- A/C - UTI PENSION FUND SCHEME G - TIER II,37.6283
05/06/2025,PFM002,UTI PENSION FUND LIMITED,SM002003,NPS TRUST- A/C - UTI PENSION FUND SCHEME E - TIER I,69.6571
05/06/2025,PFM002,UTI PENSION FUND LIMITED,SM002011,NPS TRUST- A/C - UTI PENSION FUND SCHEME - ATAL PENSION YOJANA (APY),24.2538
05/06/2025,PFM002,UTI PENSION FUND LIMITED,SM002004,NPS TRUST- A/C - UTI PENSION FUND SCHEME C - TIER I,38.3743
05/06/2025,PFM002,UTI PENSION FUND LIMITED,SM002012,NPS TRUST- A/C - UTI PENSION FUND SCHEME A - TIER I,17.9681
05/06/2025,PFM002,UTI PENSION FUND LIMITED,SM002006,NPS TRUST- A/C - UTI PENSION FUND SCHEME E - TIER II,55.5035
05/06/2025,PFM002,UTI PENSION FUND LIMITED,SM002013,NPS TRUST- A/C - UTI PENSION FUND SCHEME A - TIER II,10.0000
05/06/2025,PFM002,UTI PENSION FUND LIMITED,SM002009,NPS TRUST- A/C - UTI PENSION FUND - NPS LITE SCHEME GOVT. PATTERN,39.1746
05/06/2025,PFM002,UTI PENSION FUND LIMITED,SM002014,NPS TRUST- A/C - UTI PENSION FUND SCHEME TAX SAVER - TIER II,14.0222
05/06/2025,PFM002,UTI PENSION FUND LIMITED,SM002010,NPS TRUST- A/C - UTI PENSION FUND SCHEME - CORPORATE CG,10.0000
05/06/2025,PFM002,UTI PENSION FUND LIMITED,SM002016,NPS TRUST- A/C - UTI PENSION FUND SCHEME - NPS TIER- II COMPOSITE,10.8963
05/06/2025,PFM002,UTI PENSION FUND LIMITED,SM002015,NPS TRUST- A/C - UTI PENSION FUND SCHEME - APY FUND SCHEME,12.5344
05/06/2025,PFM002,UTI PENSION FUND LIMITED,SM002017,NPS TRUST A/C - UTI PENSION FUND SCHEME - UPS CG SCHEME,10.0939
05/06/2025,PFM003,LIC PENSION FUND LIMITED,SM003005,LIC PENSION FUND SCHEME E - TIER I,43.4681
05/06/2025,PFM003,LIC PENSION FUND LIMITED,SM003001,LIC PENSION FUND SCHEME - CENTRAL GOVT,47.6590
05/06/2025,PFM003,LIC PENSION FUND LIMITED,SM003007,LIC PENSION FUND SCHEME G - TIER I,30.7871
05/06/2025,PFM003,LIC PENSION FUND LIMITED,SM003002,LIC PENSION FUND SCHEME - STATE GOVT,42.4126
05/06/2025,PFM003,LIC PENSION FUND LIMITED,SM003008,LIC PENSION FUND SCHEME E - TIER II,36.1709
05/06/2025,PFM003,LIC PENSION FUND LIMITED,SM003003,NPS TRUST A/C-LIC PENSION FUND LIMITED- NPS LITE SCHEME - GOVT. PATTERN,39.4190
05/06/2025,PFM003,LIC PENSION FUND LIMITED,SM003011,NPS TRUST - A/C LIC PENSION FUND SCHEME - ATAL PENSION YOJANA (APY),24.3479
05/06/2025,PFM003,LIC PENSION FUND LIMITED,SM003004,LIC PENSION FUND LIMITED SCHEME - CORPORATE-CG,31.4688
05/06/2025,PFM003,LIC PENSION FUND LIMITED,SM003012,LIC PENSION FUND SCHEME A - TIER I,18.8800
05/06/2025,PFM003,LIC PENSION FUND LIMITED,SM003006,LIC PENSION FUND SCHEME C - TIER I,27.8564
05/06/2025,PFM003,LIC PENSION FUND LIMITED,SM003013,LIC PENSION FUND SCHEME A - TIER II,10.0000
05/06/2025,PFM003,LIC PENSION FUND LIMITED,SM003009,LIC PENSION FUND SCHEME C - TIER II,26.4243
05/06/2025,PFM003,LIC PENSION FUND LIMITED,SM003014,NPS TRUST - A/C LIC PENSION FUND SCHEME TAX SAVER TIER II,14.6649
05/06/2025,PFM003,LIC PENSION FUND LIMITED,SM003010,LIC PENSION FUND SCHEME G - TIER II,31.3003
05/06/2025,PFM003,LIC PENSION FUND LIMITED,SM003016,NPS TRUST - A/C LIC PENSION FUND SCHEME - NPS TIER - II COMPOSITE SCHEME,10.8514
05/06/2025,PFM003,LIC PENSION FUND LIMITED,SM003015,NPS TRUST - A/C LIC PENSION FUND SCHEME - APY FUND SCHEME,12.5461
05/06/2025,PFM003,LIC PENSION FUND LIMITED,SM003017,NPS TRUST A/C - LIC PENSION FUND - UPS CG SCHEME,10.0284
05/06/2025,PFM005,KOTAK MAHINDRA PENSION FUND LIMITED,SM005001,KOTAK PENSION FUND SCHEME E - TIER I,65.3755
05/06/2025,PFM005,KOTAK MAHINDRA PENSION FUND LIMITED,SM005005,KOTAK PENSION FUND SCHEME C - TIER II,36.0090
05/06/2025,PFM005,KOTAK MAHINDRA PENSION FUND LIMITED,SM005002,KOTAK PENSION FUND SCHEME C - TIER I,41.4687
05/06/2025,PFM005,KOTAK MAHINDRA PENSION FUND LIMITED,SM005007,NPS TRUST A/C-KOTAK MAHINDRA PENSION FUND LIMITED- NPS LITE SCHEME - GOVT. PATTERN,34.3697
05/06/2025,PFM005,KOTAK MAHINDRA PENSION FUND LIMITED,SM005003,KOTAK PENSION FUND SCHEME G - TIER I,37.9015
05/06/2025,PFM005,KOTAK MAHINDRA PENSION FUND LIMITED,SM005008,KOTAK PENSION FUND SCHEME A - TIER I,18.1202
05/06/2025,PFM005,KOTAK MAHINDRA PENSION FUND LIMITED,SM005004,KOTAK PENSION FUND SCHEME E - TIER II,57.3821
05/06/2025,PFM005,KOTAK MAHINDRA PENSION FUND LIMITED,SM005006,KOTAK PENSION FUND SCHEME G - TIER II,35.0089
05/06/2025,PFM005,KOTAK MAHINDRA PENSION FUND LIMITED,SM005009,KOTAK PENSION FUND SCHEME A - TIER II,10.0000
05/06/2025,PFM005,KOTAK MAHINDRA PENSION FUND LIMITED,SM005010,NPS TRUST A/C-KOTAK MAHINDRA PENSION FUND SCHEME TAX SAVER TIER II,14.7580
05/06/2025,PFM007,ICICI PRUDENTIAL PENSION FUNDS MANAGEMENT COMPANY LIMITED,SM007005,ICICI PRUDENTIAL PENSION FUND SCHEME C - TIER II,40.0477
05/06/2025,PFM007,ICICI PRUDENTIAL PENSION FUNDS MANAGEMENT COMPANY LIMITED,SM007001,ICICI PRUDENTIAL PENSION FUND SCHEME E - TIER I,70.0069
05/06/2025,PFM007,ICICI PRUDENTIAL PENSION FUNDS MANAGEMENT COMPANY LIMITED,SM007007,NPS TRUST A/C-ICICI PRUDENTIAL PENSION FUNDS MANAGEMENT COMPANY LIMITED- NPS LITE SCHEME - GOVT. PATTERN,10.0000
05/06/2025,PFM007,ICICI PRUDENTIAL PENSION FUNDS MANAGEMENT COMPANY LIMITED,SM007002,ICICI PRUDENTIAL PENSION FUND SCHEME C - TIER I,43.2625
05/06/2025,PFM007,ICICI PRUDENTIAL PENSION FUNDS MANAGEMENT COMPANY LIMITED,SM007008,ICICI PRUDENTIAL PENSION FUND SCHEME A - TIER I,18.3500
05/06/2025,PFM007,ICICI PRUDENTIAL PENSION FUNDS MANAGEMENT COMPANY LIMITED,SM007003,ICICI PRUDENTIAL PENSION FUND SCHEME G - TIER I,38.0501
05/06/2025,PFM007,ICICI PRUDENTIAL PENSION FUNDS MANAGEMENT COMPANY LIMITED,SM007004,ICICI PRUDENTIAL PENSION FUND SCHEME E - TIER II,55.1978
05/06/2025,PFM007,ICICI PRUDENTIAL PENSION FUNDS MANAGEMENT COMPANY LIMITED,SM007006,ICICI PRUDENTIAL PENSION FUND SCHEME G - TIER II,36.4416
05/06/2025,PFM007,ICICI PRUDENTIAL PENSION FUNDS MANAGEMENT COMPANY LIMITED,SM007009,ICICI PRUDENTIAL PENSION FUND SCHEME A - TIER II,10.0000
05/06/2025,PFM007,ICICI PRUDENTIAL PENSION FUNDS MANAGEMENT COMPANY LIMITED,SM007010,ICICI PRUDENTIAL PENSION FUNDS SCHEME TAX SAVER TIER II,14.4249
05/06/2025,PFM008,HDFC PENSION FUND MANAGEMENT LIMITED,SM008005,NPS TRUST- A/C HDFC PENSION FUND MANAGEMENT LIMITED SCHEME C - TIER II,26.7777
05/06/2025,PFM008,HDFC PENSION FUND MANAGEMENT LIMITED,SM008001,NPS TRUST- A/C HDFC PENSION FUND MANAGEMENT LIMITED SCHEME E - TIER I,51.7228
05/06/2025,PFM008,HDFC PENSION FUND MANAGEMENT LIMITED,SM008007,NPS TRUST- A/C HDFC PENSION FUND MANAGEMENT LIMITED SCHEME - NPS LITE SCHEME - GOVT. PATTERN,10.0000
05/06/2025,PFM008,HDFC PENSION FUND MANAGEMENT LIMITED,SM008002,NPS TRUST- A/C HDFC PENSION FUND MANAGEMENT LIMITED SCHEME C - TIER I,28.7281
05/06/2025,PFM008,HDFC PENSION FUND MANAGEMENT LIMITED,SM008008,NPS TRUST- A/C HDFC PENSION FUND MANAGEMENT LIMITED SCHEME A - TIER I,20.3591
05/06/2025,PFM008,HDFC PENSION FUND MANAGEMENT LIMITED,SM008003,NPS TRUST- A/C HDFC PENSION FUND MANAGEMENT LIMITED SCHEME G - TIER I,28.5288
05/06/2025,PFM008,HDFC PENSION FUND MANAGEMENT LIMITED,SM008004,NPS TRUST- A/C HDFC PENSION FUND MANAGEMENT LIMITED SCHEME E - TIER II,44.7226
05/06/2025,PFM008,HDFC PENSION FUND MANAGEMENT LIMITED,SM008006,NPS TRUST- A/C HDFC PENSION FUND MANAGEMENT LIMITED SCHEME G - TIER II,28.9074
05/06/2025,PFM008,HDFC PENSION FUND MANAGEMENT LIMITED,SM008009,HDFC PENSION FUND MANAGEMENT LIMITED SCHEME A - TIER II,10.0000
05/06/2025,PFM008,HDFC PENSION FUND MANAGEMENT LIMITED,SM008010,NPS TRUST- A/C HDFC PENSION FUND MANAGEMENT LIMITED SCHEME TAX SAVER - TIER II,14.1050
05/06/2025,PFM010,ADITYA BIRLA SUNLIFE PENSION FUND MANAGEMENT LIMITED,SM010001,ADITYA BIRLA SUNLIFE PENSION FUND SCHEME E - TIER I,27.4534
05/06/2025,PFM010,ADITYA BIRLA SUNLIFE PENSION FUND MANAGEMENT LIMITED,SM010005,ADITYA BIRLA SUNLIFE PENSION FUND SCHEME E - TIER II,27.7948
05/06/2025,PFM010,ADITYA BIRLA SUNLIFE PENSION FUND MANAGEMENT LIMITED,SM010002,ADITYA BIRLA SUNLIFE PENSION FUND SCHEME C - TIER I,19.2692
05/06/2025,PFM010,ADITYA BIRLA SUNLIFE PENSION FUND MANAGEMENT LIMITED,SM010007,ADITYA BIRLA SUNLIFE PENSION FUND SCHEME G - TIER II,18.3273
05/06/2025,PFM010,ADITYA BIRLA SUNLIFE PENSION FUND MANAGEMENT LIMITED,SM010003,ADITYA BIRLA SUNLIFE PENSION FUND SCHEME G - TIER I,19.0760
05/06/2025,PFM010,ADITYA BIRLA SUNLIFE PENSION FUND MANAGEMENT LIMITED,SM010008,ADITYA BIRLA SUNLIFE PENSION FUND SCHEME A - TIER II,10.0000
05/06/2025,PFM010,ADITYA BIRLA SUNLIFE PENSION FUND MANAGEMENT LIMITED,SM010004,ADITYA BIRLA SUNLIFE PENSION FUND SCHEME A - TIER I,17.0693
05/06/2025,PFM010,ADITYA BIRLA SUNLIFE PENSION FUND MANAGEMENT LIMITED,SM010006,ADITYA BIRLA SUNLIFE PENSION FUND SCHEME C - TIER II,18.6129
05/06/2025,PFM010,ADITYA BIRLA SUNLIFE PENSION FUND MANAGEMENT LIMITED,SM010009,ADITYA BIRLA SUN LIFE PENSION FUND SCHEME TAX SAVER TIER II,14.7853
05/06/2025,PFM011,TATA PENSION FUND MANAGEMENT PRIVATE LIMITED,SM011001,TATA PENSION FUND MANAGEMENT PRIVATE LIMITED SCHEME E - TIER I,15.0690
05/06/2025,PFM011,TATA PENSION FUND MANAGEMENT PRIVATE LIMITED,SM011005,TATA PENSION FUND MANAGEMENT PRIVATE LIMITED SCHEME E - TIER II,15.0503
05/06/2025,PFM011,TATA PENSION FUND MANAGEMENT PRIVATE LIMITED,SM011002,TATA PENSION FUND MANAGEMENT PRIVATE LIMITED SCHEME C - TIER I,12.3485
05/06/2025,PFM011,TATA PENSION FUND MANAGEMENT PRIVATE LIMITED,SM011007,TATA PENSION FUND MANAGEMENT PRIVATE LIMITED SCHEME G - TIER II,12.9122
05/06/2025,PFM011,TATA PENSION FUND MANAGEMENT PRIVATE LIMITED,SM011003,TATA PENSION FUND MANAGEMENT PRIVATE LIMITED SCHEME G - TIER I,12.8621
05/06/2025,PFM011,TATA PENSION FUND MANAGEMENT PRIVATE LIMITED,SM011008,TATA PENSION FUND MANAGEMENT PRIVATE LIMITED TAX SAVER - TIER II,12.7955
05/06/2025,PFM011,TATA PENSION FUND MANAGEMENT PRIVATE LIMITED,SM011004,TATA PENSION FUND MANAGEMENT PRIVATE LIMITED SCHEME A - TIER I,12.7368
05/06/2025,PFM011,TATA PENSION FUND MANAGEMENT PRIVATE LIMITED,SM011006,TATA PENSION FUND MANAGEMENT PRIVATE LIMITED SCHEME C - TIER II,12.4465
05/06/2025,PFM013,AXIS PENSION FUND MANAGEMENT LIMITED,SM013005,AXIS PENSION FUND MANAGEMENT LIMITED SCHEME E - TIER II,14.5096
05/06/2025,PFM013,AXIS PENSION FUND MANAGEMENT LIMITED,SM013001,AXIS PENSION FUND MANAGEMENT LIMITED SCHEME E - TIER I,14.2330
05/06/2025,PFM013,AXIS PENSION FUND MANAGEMENT LIMITED,SM013007,AXIS PENSION FUND MANAGEMENT LIMITED SCHEME G - TIER II,12.5579
05/06/2025,PFM013,AXIS PENSION FUND MANAGEMENT LIMITED,SM013002,AXIS PENSION FUND MANAGEMENT LIMITED SCHEME C - TIER I,12.3396
05/06/2025,PFM013,AXIS PENSION FUND MANAGEMENT LIMITED,SM013008,AXIS PENSION FUND MANAGEMENT LIMITED SCHEME TAX SAVER - TIER II,11.7116
05/06/2025,PFM013,AXIS PENSION FUND MANAGEMENT LIMITED,SM013003,AXIS PENSION FUND MANAGEMENT LIMITED SCHEME G - TIER I,12.6946
05/06/2025,PFM013,AXIS PENSION FUND MANAGEMENT LIMITED,SM013004,AXIS PENSION FUND MANAGEMENT LIMITED SCHEME A - TIER I,11.8858
05/06/2025,PFM013,AXIS PENSION FUND MANAGEMENT LIMITED,SM013006,AXIS PENSION FUND MANAGEMENT LIMITED SCHEME C - TIER II,12.1319
05/06/2025,PFM014,DSP PENSION FUND MANAGERS PRIVATE LIMITED,SM014005,NPS TRUST A/C DSP PENSION FUND MANAGERS PRIVATE LIMITED SCHEME E - TIER II,12.5605
05/06/2025,PFM014,DSP PENSION FUND MANAGERS PRIVATE LIMITED,SM014001,NPS TRUST A/C DSP PENSION FUND MANAGERS PRIVATE LIMITED SCHEME E - TIER I,12.7931
05/06/2025,PFM014,DSP PENSION FUND MANAGERS PRIVATE LIMITED,SM014007,NPS TRUST A/C DSP PENSION FUND MANAGERS PRIVATE LIMITED SCHEME G - TIER II,11.5712
05/06/2025,PFM014,DSP PENSION FUND MANAGERS PRIVATE LIMITED,SM014002,NPS TRUST A/C DSP PENSION FUND MANAGERS PRIVATE LIMITED SCHEME C - TIER I,11.3215
05/06/2025,PFM014,DSP PENSION FUND MANAGERS PRIVATE LIMITED,SM014008,NPS TRUST A/C DSP PENSION FUND MANAGERS PRIVATE LIMITED SCHEME TAX SAVER TIER II,10.8576
05/06/2025,PFM014,DSP PENSION FUND MANAGERS PRIVATE LIMITED,SM014003,NPS TRUST A/C DSP PENSION FUND MANAGERS PRIVATE LIMITED SCHEME G - TIER I,11.7649
05/06/2025,PFM014,DSP PENSION FUND MANAGERS PRIVATE LIMITED,SM014004,NPS TRUST A/C DSP PENSION FUND MANAGERS PRIVATE LIMITED SCHEME A - TIER I,10.9301
05/06/2025,PFM014,DSP PENSION FUND MANAGERS PRIVATE LIMITED,SM014006,NPS TRUST A/C DSP PENSION FUND MANAGERS PRIVATE LIMITED SCHEME C - TIER II,11.5092
