01/29/2020,"PFM001","SBI PENSION FUNDS PRIVATE LIMITED","SM001005","SBI PENSION FUND SCHEME G - TIER I",27.4262
01/29/2020,"PFM001","SBI PENSION FUNDS PRIVATE LIMITED","SM001001","SBI PENSION FUND SCHEME - CENTRAL GOVT",30.9718
01/29/2020,"PFM001","SBI PENSION FUNDS PRIVATE LIMITED","SM001010","SBI PENSION FUNDS PVT. LTD. SCHEME - CORPORATE-CG",19.7742
01/29/2020,"PFM001","SBI PENSION FUNDS PRIVATE LIMITED","SM001009","NPS TRUST A/C-SBI PENSION FUNDS PRIVATE LIMITED- NPS LITE SCHEME - GOVT. PATTERN",25.0484
01/29/2020,"PFM001","SBI PENSION FUNDS PRIVATE LIMITED","SM001002","SBI PENSION FUND SCHEME - STATE GOVT",26.6363
01/29/2020,"PFM001","SBI PENSION FUNDS PRIVATE LIMITED","SM001006","SBI PENSION FUND SCHEME E - TIER II",24.4881
01/29/2020,"PFM001","SBI PENSION FUNDS PRIVATE LIMITED","SM001004","SBI PENSION FUND SCHEME C - TIER I",29.0218
01/29/2020,"PFM001","SBI PENSION FUNDS PRIVATE LIMITED","SM001003","SBI PENSION FUND SCHEME E - TIER I",26.5479
01/29/2020,"PFM001","SBI PENSION FUNDS PRIVATE LIMITED","SM001011","NPS TRUST - A/C SBI PENSION FUND SCHEME - ATAL PENSION YOJANA (APY)",15.0494
01/29/2020,"PFM001","SBI PENSION FUNDS PRIVATE LIMITED","SM001013","SBI PENSION FUND SCHEME A - TIER II",10.0000
01/29/2020,"PFM001","SBI PENSION FUNDS PRIVATE LIMITED","SM001012","SBI PENSION FUND SCHEME A - TIER I",12.9086
01/29/2020,"PFM001","SBI PENSION FUNDS PRIVATE LIMITED","SM001008","SBI PENSION FUND SCHEME G - TIER II",26.1135
01/29/2020,"PFM001","SBI PENSION FUNDS PRIVATE LIMITED","SM001007","SBI PENSION FUND SCHEME C - TIER II",26.4137
01/29/2020,"PFM003","LIC PENSION FUND LIMITED","SM003005","LIC PENSION FUND SCHEME E - TIER I",19.9755
01/29/2020,"PFM003","LIC PENSION FUND LIMITED","SM003010","LIC PENSION FUND SCHEME G - TIER II",20.7508
01/29/2020,"PFM003","LIC PENSION FUND LIMITED","SM003009","LIC PENSION FUND SCHEME C - TIER II",17.3546
01/29/2020,"PFM003","LIC PENSION FUND LIMITED","SM003006","LIC PENSION FUND SCHEME C - TIER I",18.6016
01/29/2020,"PFM003","LIC PENSION FUND LIMITED","SM003004","LIC PENSION FUND LIMITED SCHEME - CORPORATE-CG",19.7429
01/29/2020,"PFM003","LIC PENSION FUND LIMITED","SM003003","NPS TRUST A/C-LIC PENSION FUND LIMITED- NPS LITE SCHEME - GOVT. PATTERN",24.8429
01/29/2020,"PFM003","LIC PENSION FUND LIMITED","SM003002","LIC PENSION FUND SCHEME - STATE GOVT",26.6480
01/29/2020,"PFM003","LIC PENSION FUND LIMITED","SM003001","LIC PENSION FUND SCHEME - CENTRAL GOVT",29.8601
01/29/2020,"PFM003","LIC PENSION FUND LIMITED","SM003013","LIC PENSION FUND SCHEME A - TIER II",10.0000
01/29/2020,"PFM003","LIC PENSION FUND LIMITED","SM003012","LIC PENSION FUND SCHEME A - TIER I",12.8976
01/29/2020,"PFM003","LIC PENSION FUND LIMITED","SM003011","NPS TRUST - A/C LIC PENSION FUND SCHEME - ATAL PENSION YOJANA (APY)",15.2604
01/29/2020,"PFM003","LIC PENSION FUND LIMITED","SM003008","LIC PENSION FUND SCHEME E - TIER II",16.7326
01/29/2020,"PFM003","LIC PENSION FUND LIMITED","SM003007","LIC PENSION FUND SCHEME G - TIER I",20.3700
01/29/2020,"PFM008","HDFC PENSION MANAGEMENT COMPANY LIMITED","SM008001","HDFC PENSION MANAGEMENT COMPANY LIMITED SCHEME E - TIER I",23.6206
01/29/2020,"PFM008","HDFC PENSION MANAGEMENT COMPANY LIMITED","SM008005","HDFC PENSION MANAGEMENT COMPANY LIMITED SCHEME C - TIER II",17.7988
01/29/2020,"PFM008","HDFC PENSION MANAGEMENT COMPANY LIMITED","SM008008","HDFC PENSION MANAGEMENT COMPANY LIMITED SCHEME A - TIER I",13.1891
01/29/2020,"PFM008","HDFC PENSION MANAGEMENT COMPANY LIMITED","SM008007","NPS TRUST A/C-HDFC PENSION MANAGEMENT COMPANY LIMITED SCHEME - NPS LITE SCHEME - GOVT. PATTERN",10.0000
01/29/2020,"PFM008","HDFC PENSION MANAGEMENT COMPANY LIMITED","SM008009","HDFC PENSION MANAGEMENT COMPANY LIMITED SCHEME A - TIER II",10.0000
01/29/2020,"PFM008","HDFC PENSION MANAGEMENT COMPANY LIMITED","SM008006","HDFC PENSION MANAGEMENT COMPANY LIMITED SCHEME G - TIER II",19.2767
01/29/2020,"PFM008","HDFC PENSION MANAGEMENT COMPANY LIMITED","SM008004","HDFC PENSION MANAGEMENT COMPANY LIMITED SCHEME E - TIER II",20.4349
01/29/2020,"PFM008","HDFC PENSION MANAGEMENT COMPANY LIMITED","SM008003","HDFC PENSION MANAGEMENT COMPANY LIMITED SCHEME G - TIER I",18.8593
01/29/2020,"PFM008","HDFC PENSION MANAGEMENT COMPANY LIMITED","SM008002","HDFC PENSION MANAGEMENT COMPANY LIMITED SCHEME C - TIER I",18.8572
01/29/2020,"PFM010","BIRLA SUN LIFE PENSION MANAGEMENT LIMITED","SM010005","BIRLA SUN LIFE PENSION SCHEME E - TIER II",12.8651
01/29/2020,"PFM010","BIRLA SUN LIFE PENSION MANAGEMENT LIMITED","SM010006","BIRLA SUN LIFE PENSION SCHEME C - TIER II",12.3848
01/29/2020,"PFM010","BIRLA SUN LIFE PENSION MANAGEMENT LIMITED","SM010004","BIRLA SUN LIFE PENSION SCHEME A - TIER I",11.9775
01/29/2020,"PFM010","BIRLA SUN LIFE PENSION MANAGEMENT LIMITED","SM010003","BIRLA SUN LIFE PENSION SCHEME G - TIER I",12.6347
01/29/2020,"PFM010","BIRLA SUN LIFE PENSION MANAGEMENT LIMITED","SM010002","BIRLA SUN LIFE PENSION SCHEME C - TIER I",12.8299
01/29/2020,"PFM010","BIRLA SUN LIFE PENSION MANAGEMENT LIMITED","SM010001","BIRLA SUN LIFE PENSION SCHEME E - TIER I",12.9560
01/29/2020,"PFM010","BIRLA SUN LIFE PENSION MANAGEMENT LIMITED","SM010008","BIRLA SUN LIFE PENSION SCHEME A - TIER II",10.0000
01/29/2020,"PFM010","BIRLA SUN LIFE PENSION MANAGEMENT LIMITED","SM010007","BIRLA SUN LIFE PENSION SCHEME G - TIER II",12.2020
01/29/2020,"PFM002","UTI RETIREMENT SOLUTIONS LIMITED","SM002005","UTI RETIREMENT SOLUTIONS PENSION FUND SCHEME G - TIER I",24.6585
01/29/2020,"PFM002","UTI RETIREMENT SOLUTIONS LIMITED","SM002010","UTI RETIREMENT SOLUTIONS PENSION FUND SCHEME - CORPORATE-CG",10.0000
01/29/2020,"PFM002","UTI RETIREMENT SOLUTIONS LIMITED","SM002009","NPS TRUST A/C-UTI RETIREMENT SOLUTIONS LIMITED- NPS LITE SCHEME - GOVT. PATTERN",24.8091
01/29/2020,"PFM002","UTI RETIREMENT SOLUTIONS LIMITED","SM002001","UTI RETIREMENT SOLUTIONS PENSION FUND SCHEME- CENTRAL GOVT",29.8844
01/29/2020,"PFM002","UTI RETIREMENT SOLUTIONS LIMITED","SM002006","UTI RETIREMENT SOLUTIONS SCHEME E - TIER II",25.2758
01/29/2020,"PFM002","UTI RETIREMENT SOLUTIONS LIMITED","SM002004","UTI RETIREMENT SOLUTIONS PENSION FUND SCHEME C - TIER I",25.8678
01/29/2020,"PFM002","UTI RETIREMENT SOLUTIONS LIMITED","SM002003","UTI RETIREMENT SOLUTIONS PENSION FUND SCHEME E - TIER I",30.9113
01/29/2020,"PFM002","UTI RETIREMENT SOLUTIONS LIMITED","SM002002","UTI RETIREMENT SOLUTIONS PENSION FUND SCHEME- STATE GOVT",26.6222
01/29/2020,"PFM002","UTI RETIREMENT SOLUTIONS LIMITED","SM002011","NPS TRUST - A/C UTI RETIREMENT SOLUTIONS LTD. SCHEME - ATAL PENSION YOJANA (APY)",15.3323
01/29/2020,"PFM002","UTI RETIREMENT SOLUTIONS LIMITED","SM002013","UTI RETIREMENT SOLUTIONS PENSION FUND SCHEME A - TIER II",10.0000
01/29/2020,"PFM002","UTI RETIREMENT SOLUTIONS LIMITED","SM002012","UTI RETIREMENT SOLUTIONS PENSION FUND SCHEME A - TIER I",12.4306
01/29/2020,"PFM002","UTI RETIREMENT SOLUTIONS LIMITED","SM002007","UTI RETIREMENT SOLUTIONS SCHEME C - TIER II",24.8758
01/29/2020,"PFM002","UTI RETIREMENT SOLUTIONS LIMITED","SM002008","UTI RETIREMENT SOLUTIONS  SCHEME G - TIER II",25.3391
01/29/2020,"PFM005","KOTAK MAHINDRA PENSION FUND LIMITED","SM005001","KOTAK PENSION FUND SCHEME E - TIER I",29.0410
01/29/2020,"PFM005","KOTAK MAHINDRA PENSION FUND LIMITED","SM005008","KOTAK PENSION FUND SCHEME A - TIER I",12.8031
01/29/2020,"PFM005","KOTAK MAHINDRA PENSION FUND LIMITED","SM005007","NPS TRUST A/C-KOTAK MAHINDRA PENSION FUND LIMITED- NPS LITE SCHEME - GOVT. PATTERN",21.5437
01/29/2020,"PFM005","KOTAK MAHINDRA PENSION FUND LIMITED","SM005005","KOTAK PENSION FUND SCHEME C - TIER II",24.5321
01/29/2020,"PFM005","KOTAK MAHINDRA PENSION FUND LIMITED","SM005009","KOTAK PENSION FUND SCHEME A - TIER II",10.0000
01/29/2020,"PFM005","KOTAK MAHINDRA PENSION FUND LIMITED","SM005004","KOTAK PENSION FUND SCHEME E - TIER II",25.7425
01/29/2020,"PFM005","KOTAK MAHINDRA PENSION FUND LIMITED","SM005006","KOTAK PENSION FUND SCHEME G - TIER II",23.5036
01/29/2020,"PFM005","KOTAK MAHINDRA PENSION FUND LIMITED","SM005003","KOTAK PENSION FUND SCHEME G - TIER I",25.2672
01/29/2020,"PFM005","KOTAK MAHINDRA PENSION FUND LIMITED","SM005002","KOTAK PENSION FUND SCHEME C - TIER I",28.0736
01/29/2020,"PFM007","ICICI PRUDENTIAL PENSION FUNDS MANAGEMENT COMPANY LIMITED","SM007001","ICICI PRUDENTIAL PENSION FUND SCHEME E - TIER I",31.2699
01/29/2020,"PFM007","ICICI PRUDENTIAL PENSION FUNDS MANAGEMENT COMPANY LIMITED","SM007008","ICICI PRUDENTIAL PENSION FUND SCHEME A - TIER I",12.7361
01/29/2020,"PFM007","ICICI PRUDENTIAL PENSION FUNDS MANAGEMENT COMPANY LIMITED","SM007007","NPS TRUST A/C-ICICI PRUDENTIAL PENSION FUNDS MANAGEMENT COMPANY LIMITED- NPS LITE SCHEME - GOVT. PATTERN",10.0000
01/29/2020,"PFM007","ICICI PRUDENTIAL PENSION FUNDS MANAGEMENT COMPANY LIMITED","SM007005","ICICI PRUDENTIAL PENSION FUND  SCHEME C - TIER II",26.7089
01/29/2020,"PFM007","ICICI PRUDENTIAL PENSION FUNDS MANAGEMENT COMPANY LIMITED","SM007009","ICICI PRUDENTIAL PENSION FUND SCHEME A - TIER II",10.0000
01/29/2020,"PFM007","ICICI PRUDENTIAL PENSION FUNDS MANAGEMENT COMPANY LIMITED","SM007006","ICICI PRUDENTIAL PENSION FUND  SCHEME G - TIER II",24.2829
01/29/2020,"PFM007","ICICI PRUDENTIAL PENSION FUNDS MANAGEMENT COMPANY LIMITED","SM007004","ICICI PRUDENTIAL PENSION FUND SCHEME E - TIER II",24.6697
01/29/2020,"PFM007","ICICI PRUDENTIAL PENSION FUNDS MANAGEMENT COMPANY LIMITED","SM007003","ICICI PRUDENTIAL PENSION FUND  SCHEME G - TIER I",25.3596
01/29/2020,"PFM007","ICICI PRUDENTIAL PENSION FUNDS MANAGEMENT COMPANY LIMITED","SM007002","ICICI PRUDENTIAL PENSION FUND  SCHEME C - TIER I",28.7727
