01/10/2025,PFM001,SBI PENSION FUNDS PRIVATE LIMITED,SM001001,SBI PENSION FUND SCHEME - CENTRAL GOVT,46.5901
01/10/2025,PFM001,SBI PENSION FUNDS PRIVATE LIMITED,SM001002,SBI PENSION FUND SCHEME - STATE GOVT,40.0189
01/10/2025,PFM001,SBI PENSION FUNDS PRIVATE LIMITED,SM001003,SBI PENSION FUND SCHEME E - TIER I,53.2513
01/10/2025,PFM001,SBI PENSION FUNDS PRIVATE LIMITED,SM001004,SBI PENSION FUND SCHEME C - TIER I,41.8387
01/10/2025,PFM001,SBI PENSION FUNDS PRIVATE LIMITED,SM001006,SBI PENSION FUND SCHEME E - TIER II,50.1969
01/10/2025,PFM001,SBI PENSION FUNDS PRIVATE LIMITED,SM001009,NPS TRUST A/C-SBI PENSION FUNDS PRIVATE LIMITED- NPS LITE SCHEME - GOVT. PATTERN,37.7533
01/10/2025,PFM001,SBI PENSION FUNDS PRIVATE LIMITED,SM001010,SBI PENSION FUNDS PVT LTD SCHEME - CORPORATE-CG,29.7675
01/10/2025,PFM001,SBI PENSION FUNDS PRIVATE LIMITED,SM001015,NPS TRUST - A/C SBI PENSION FUND SCHEME - APY FUND SCHEME,11.7384
01/10/2025,PFM001,SBI PENSION FUNDS PRIVATE LIMITED,SM001005,SBI PENSION FUND SCHEME G - TIER I,39.1072
01/10/2025,PFM001,SBI PENSION FUNDS PRIVATE LIMITED,SM001007,SBI PENSION FUND SCHEME C - TIER II,37.3981
01/10/2025,PFM001,SBI PENSION FUNDS PRIVATE LIMITED,SM001008,SBI PENSION FUND SCHEME G - TIER II,37.1149
01/10/2025,PFM001,SBI PENSION FUNDS PRIVATE LIMITED,SM001011,NPS TRUST - A/C SBI PENSION FUND SCHEME - ATAL PENSION YOJANA (APY),22.6759
01/10/2025,PFM001,SBI PENSION FUNDS PRIVATE LIMITED,SM001012,SBI PENSION FUND SCHEME A - TIER I,20.4113
01/10/2025,PFM001,SBI PENSION FUNDS PRIVATE LIMITED,SM001013,SBI PENSION FUND SCHEME A - TIER II,10.0000
01/10/2025,PFM001,SBI PENSION FUNDS PRIVATE LIMITED,SM001014,NPS TRUST A/C-SBI PENSION FUND SCHEME TAX SAVER TIER II,13.0277
01/10/2025,PFM001,SBI PENSION FUNDS PRIVATE LIMITED,SM001016,NPS TRUST - A/C SBI PENSION FUND SCHEME - NPS TIER - II COMPOSITE SCHEME,10.3309
01/10/2025,PFM002,UTI PENSION FUND LIMITED,SM002001,NPS TRUST- A/C - UTI PENSION FUND SCHEME - CENTRAL GOVT,45.3623
01/10/2025,PFM002,UTI PENSION FUND LIMITED,SM002002,NPS TRUST- A/C - UTI PENSION FUND SCHEME - STATE GOVT,40.3884
01/10/2025,PFM002,UTI PENSION FUND LIMITED,SM002003,NPS TRUST- A/C - UTI PENSION FUND SCHEME E - TIER I,68.3107
01/10/2025,PFM002,UTI PENSION FUND LIMITED,SM002004,NPS TRUST- A/C - UTI PENSION FUND SCHEME C - TIER I,36.9863
01/10/2025,PFM002,UTI PENSION FUND LIMITED,SM002006,NPS TRUST- A/C - UTI PENSION FUND SCHEME E - TIER II,54.1693
01/10/2025,PFM002,UTI PENSION FUND LIMITED,SM002009,NPS TRUST- A/C - UTI PENSION FUND - NPS LITE SCHEME GOVT. PATTERN,37.5125
01/10/2025,PFM002,UTI PENSION FUND LIMITED,SM002010,NPS TRUST- A/C - UTI PENSION FUND SCHEME - CORPORATE CG,10.0000
01/10/2025,PFM002,UTI PENSION FUND LIMITED,SM002015,NPS TRUST- A/C - UTI PENSION FUND SCHEME - APY FUND SCHEME,11.9993
01/10/2025,PFM002,UTI PENSION FUND LIMITED,SM002005,NPS TRUST- A/C - UTI PENSION FUND SCHEME G - TIER I,34.9833
01/10/2025,PFM002,UTI PENSION FUND LIMITED,SM002007,NPS TRUST- A/C - UTI PENSION FUND SCHEME C - TIER II,35.2803
01/10/2025,PFM002,UTI PENSION FUND LIMITED,SM002008,NPS TRUST- A/C - UTI PENSION FUND SCHEME G - TIER II,35.7688
01/10/2025,PFM002,UTI PENSION FUND LIMITED,SM002011,NPS TRUST- A/C - UTI PENSION FUND SCHEME - ATAL PENSION YOJANA (APY),23.1991
01/10/2025,PFM002,UTI PENSION FUND LIMITED,SM002012,NPS TRUST- A/C - UTI PENSION FUND SCHEME A - TIER I,17.1588
01/10/2025,PFM002,UTI PENSION FUND LIMITED,SM002013,NPS TRUST- A/C - UTI PENSION FUND SCHEME A - TIER II,10.0000
01/10/2025,PFM002,UTI PENSION FUND LIMITED,SM002014,NPS TRUST- A/C - UTI PENSION FUND SCHEME TAX SAVER - TIER II,13.3674
01/10/2025,PFM002,UTI PENSION FUND LIMITED,SM002016,NPS TRUST- A/C - UTI PENSION FUND SCHEME - NPS TIER- II COMPOSITE,10.4130
01/10/2025,PFM003,LIC PENSION FUND LIMITED,SM003001,LIC PENSION FUND SCHEME - CENTRAL GOVT,45.6036
01/10/2025,PFM003,LIC PENSION FUND LIMITED,SM003002,LIC PENSION FUND SCHEME - STATE GOVT,40.5743
01/10/2025,PFM003,LIC PENSION FUND LIMITED,SM003003,NPS TRUST A/C-LIC PENSION FUND LIMITED- NPS LITE SCHEME - GOVT. PATTERN,37.7430
01/10/2025,PFM003,LIC PENSION FUND LIMITED,SM003004,LIC PENSION FUND LIMITED SCHEME - CORPORATE-CG,30.0971
01/10/2025,PFM003,LIC PENSION FUND LIMITED,SM003006,LIC PENSION FUND SCHEME C - TIER I,26.8652
01/10/2025,PFM003,LIC PENSION FUND LIMITED,SM003009,LIC PENSION FUND SCHEME C - TIER II,25.4883
01/10/2025,PFM003,LIC PENSION FUND LIMITED,SM003010,LIC PENSION FUND SCHEME G - TIER II,29.7364
01/10/2025,PFM003,LIC PENSION FUND LIMITED,SM003015,NPS TRUST - A/C LIC PENSION FUND SCHEME - APY FUND SCHEME,12.0062
01/10/2025,PFM003,LIC PENSION FUND LIMITED,SM003005,LIC PENSION FUND SCHEME E - TIER I,42.1998
01/10/2025,PFM003,LIC PENSION FUND LIMITED,SM003007,LIC PENSION FUND SCHEME G - TIER I,29.2335
01/10/2025,PFM003,LIC PENSION FUND LIMITED,SM003008,LIC PENSION FUND SCHEME E - TIER II,35.1842
01/10/2025,PFM003,LIC PENSION FUND LIMITED,SM003011,NPS TRUST - A/C LIC PENSION FUND SCHEME - ATAL PENSION YOJANA (APY),23.2958
01/10/2025,PFM003,LIC PENSION FUND LIMITED,SM003012,LIC PENSION FUND SCHEME A - TIER I,18.1953
01/10/2025,PFM003,LIC PENSION FUND LIMITED,SM003013,LIC PENSION FUND SCHEME A - TIER II,10.0000
01/10/2025,PFM003,LIC PENSION FUND LIMITED,SM003014,NPS TRUST - A/C LIC PENSION FUND SCHEME TAX SAVER TIER II,14.0340
01/10/2025,PFM003,LIC PENSION FUND LIMITED,SM003016,NPS TRUST - A/C LIC PENSION FUND SCHEME - NPS TIER - II COMPOSITE SCHEME,10.3758
01/10/2025,PFM005,KOTAK MAHINDRA PENSION FUND LIMITED,SM005005,KOTAK PENSION FUND SCHEME C - TIER II,34.7549
01/10/2025,PFM005,KOTAK MAHINDRA PENSION FUND LIMITED,SM005007,NPS TRUST A/C-KOTAK MAHINDRA PENSION FUND LIMITED- NPS LITE SCHEME - GOVT. PATTERN,32.8493
01/10/2025,PFM005,KOTAK MAHINDRA PENSION FUND LIMITED,SM005008,KOTAK PENSION FUND SCHEME A - TIER I,17.6697
01/10/2025,PFM005,KOTAK MAHINDRA PENSION FUND LIMITED,SM005001,KOTAK PENSION FUND SCHEME E - TIER I,63.2819
01/10/2025,PFM005,KOTAK MAHINDRA PENSION FUND LIMITED,SM005002,KOTAK PENSION FUND SCHEME C - TIER I,39.9692
01/10/2025,PFM005,KOTAK MAHINDRA PENSION FUND LIMITED,SM005003,KOTAK PENSION FUND SCHEME G - TIER I,36.0264
01/10/2025,PFM005,KOTAK MAHINDRA PENSION FUND LIMITED,SM005004,KOTAK PENSION FUND SCHEME E - TIER II,55.5848
01/10/2025,PFM005,KOTAK MAHINDRA PENSION FUND LIMITED,SM005006,KOTAK PENSION FUND SCHEME G - TIER II,33.2675
01/10/2025,PFM005,KOTAK MAHINDRA PENSION FUND LIMITED,SM005009,KOTAK PENSION FUND SCHEME A - TIER II,10.0000
01/10/2025,PFM005,KOTAK MAHINDRA PENSION FUND LIMITED,SM005010,NPS TRUST A/C-KOTAK MAHINDRA PENSION FUND SCHEME TAX SAVER TIER II,14.0767
01/10/2025,PFM007,ICICI PRUDENTIAL PENSION FUNDS MANAGEMENT COMPANY LIMITED,SM007005,ICICI PRUDENTIAL PENSION FUND SCHEME C - TIER II,38.5840
01/10/2025,PFM007,ICICI PRUDENTIAL PENSION FUNDS MANAGEMENT COMPANY LIMITED,SM007007,NPS TRUST A/C-ICICI PRUDENTIAL PENSION FUNDS MANAGEMENT COMPANY LIMITED- NPS LITE SCHEME - GOVT. PATTERN,10.0000
01/10/2025,PFM007,ICICI PRUDENTIAL PENSION FUNDS MANAGEMENT COMPANY LIMITED,SM007008,ICICI PRUDENTIAL PENSION FUND SCHEME A - TIER I,17.8828
01/10/2025,PFM007,ICICI PRUDENTIAL PENSION FUNDS MANAGEMENT COMPANY LIMITED,SM007001,ICICI PRUDENTIAL PENSION FUND SCHEME E - TIER I,68.6550
01/10/2025,PFM007,ICICI PRUDENTIAL PENSION FUNDS MANAGEMENT COMPANY LIMITED,SM007002,ICICI PRUDENTIAL PENSION FUND SCHEME C - TIER I,41.6786
01/10/2025,PFM007,ICICI PRUDENTIAL PENSION FUNDS MANAGEMENT COMPANY LIMITED,SM007003,ICICI PRUDENTIAL PENSION FUND SCHEME G - TIER I,36.1258
01/10/2025,PFM007,ICICI PRUDENTIAL PENSION FUNDS MANAGEMENT COMPANY LIMITED,SM007004,ICICI PRUDENTIAL PENSION FUND SCHEME E - TIER II,54.0971
01/10/2025,PFM007,ICICI PRUDENTIAL PENSION FUNDS MANAGEMENT COMPANY LIMITED,SM007006,ICICI PRUDENTIAL PENSION FUND SCHEME G - TIER II,34.6232
01/10/2025,PFM007,ICICI PRUDENTIAL PENSION FUNDS MANAGEMENT COMPANY LIMITED,SM007009,ICICI PRUDENTIAL PENSION FUND SCHEME A - TIER II,10.0000
01/10/2025,PFM007,ICICI PRUDENTIAL PENSION FUNDS MANAGEMENT COMPANY LIMITED,SM007010,ICICI PRUDENTIAL PENSION FUNDS SCHEME TAX SAVER TIER II,13.7654
01/10/2025,PFM008,HDFC PENSION FUND MANAGEMENT LIMITED,SM008005,NPS TRUST- A/C HDFC PENSION FUND MANAGEMENT LIMITED SCHEME C - TIER II,25.8386
01/10/2025,PFM008,HDFC PENSION FUND MANAGEMENT LIMITED,SM008007,NPS TRUST- A/C HDFC PENSION FUND MANAGEMENT LIMITED SCHEME - NPS LITE SCHEME - GOVT. PATTERN,10.0000
01/10/2025,PFM008,HDFC PENSION FUND MANAGEMENT LIMITED,SM008008,NPS TRUST- A/C HDFC PENSION FUND MANAGEMENT LIMITED SCHEME A - TIER I,19.7590
01/10/2025,PFM008,HDFC PENSION FUND MANAGEMENT LIMITED,SM008001,NPS TRUST- A/C HDFC PENSION FUND MANAGEMENT LIMITED SCHEME E - TIER I,50.2903
01/10/2025,PFM008,HDFC PENSION FUND MANAGEMENT LIMITED,SM008002,NPS TRUST- A/C HDFC PENSION FUND MANAGEMENT LIMITED SCHEME C - TIER I,27.6630
01/10/2025,PFM008,HDFC PENSION FUND MANAGEMENT LIMITED,SM008003,NPS TRUST- A/C HDFC PENSION FUND MANAGEMENT LIMITED SCHEME G - TIER I,27.0591
01/10/2025,PFM008,HDFC PENSION FUND MANAGEMENT LIMITED,SM008004,NPS TRUST- A/C HDFC PENSION FUND MANAGEMENT LIMITED SCHEME E - TIER II,43.4825
01/10/2025,PFM008,HDFC PENSION FUND MANAGEMENT LIMITED,SM008006,NPS TRUST- A/C HDFC PENSION FUND MANAGEMENT LIMITED SCHEME G - TIER II,27.4238
01/10/2025,PFM008,HDFC PENSION FUND MANAGEMENT LIMITED,SM008009,HDFC PENSION FUND MANAGEMENT LIMITED SCHEME A - TIER II,10.0000
01/10/2025,PFM008,HDFC PENSION FUND MANAGEMENT LIMITED,SM008010,NPS TRUST- A/C HDFC PENSION FUND MANAGEMENT LIMITED SCHEME TAX SAVER - TIER II,13.4532
01/10/2025,PFM010,ADITYA BIRLA SUNLIFE PENSION FUND MANAGEMENT LIMITED,SM010001,ADITYA BIRLA SUNLIFE PENSION FUND SCHEME E - TIER I,26.7619
01/10/2025,PFM010,ADITYA BIRLA SUNLIFE PENSION FUND MANAGEMENT LIMITED,SM010002,ADITYA BIRLA SUNLIFE PENSION FUND SCHEME C - TIER I,18.5770
01/10/2025,PFM010,ADITYA BIRLA SUNLIFE PENSION FUND MANAGEMENT LIMITED,SM010003,ADITYA BIRLA SUNLIFE PENSION FUND SCHEME G - TIER I,18.1525
01/10/2025,PFM010,ADITYA BIRLA SUNLIFE PENSION FUND MANAGEMENT LIMITED,SM010004,ADITYA BIRLA SUNLIFE PENSION FUND SCHEME A - TIER I,16.3543
01/10/2025,PFM010,ADITYA BIRLA SUNLIFE PENSION FUND MANAGEMENT LIMITED,SM010006,ADITYA BIRLA SUNLIFE PENSION FUND SCHEME C - TIER II,17.9466
01/10/2025,PFM010,ADITYA BIRLA SUNLIFE PENSION FUND MANAGEMENT LIMITED,SM010009,ADITYA BIRLA SUN LIFE PENSION FUND SCHEME TAX SAVER TIER II,14.1396
01/10/2025,PFM010,ADITYA BIRLA SUNLIFE PENSION FUND MANAGEMENT LIMITED,SM010005,ADITYA BIRLA SUNLIFE PENSION FUND SCHEME E - TIER II,27.0531
01/10/2025,PFM010,ADITYA BIRLA SUNLIFE PENSION FUND MANAGEMENT LIMITED,SM010007,ADITYA BIRLA SUNLIFE PENSION FUND SCHEME G - TIER II,17.4425
01/10/2025,PFM010,ADITYA BIRLA SUNLIFE PENSION FUND MANAGEMENT LIMITED,SM010008,ADITYA BIRLA SUNLIFE PENSION FUND SCHEME A - TIER II,10.0000
01/10/2025,PFM011,TATA PENSION FUND MANAGEMENT PRIVATE LIMITED,SM011005,TATA PENSION FUND MANAGEMENT PRIVATE LIMITED SCHEME E - TIER II,14.5457
01/10/2025,PFM011,TATA PENSION FUND MANAGEMENT PRIVATE LIMITED,SM011007,TATA PENSION FUND MANAGEMENT PRIVATE LIMITED SCHEME G - TIER II,12.2672
01/10/2025,PFM011,TATA PENSION FUND MANAGEMENT PRIVATE LIMITED,SM011008,TATA PENSION FUND MANAGEMENT PRIVATE LIMITED TAX SAVER - TIER II,12.2960
01/10/2025,PFM011,TATA PENSION FUND MANAGEMENT PRIVATE LIMITED,SM011001,TATA PENSION FUND MANAGEMENT PRIVATE LIMITED SCHEME E - TIER I,14.5638
01/10/2025,PFM011,TATA PENSION FUND MANAGEMENT PRIVATE LIMITED,SM011002,TATA PENSION FUND MANAGEMENT PRIVATE LIMITED SCHEME C - TIER I,11.8910
01/10/2025,PFM011,TATA PENSION FUND MANAGEMENT PRIVATE LIMITED,SM011003,TATA PENSION FUND MANAGEMENT PRIVATE LIMITED SCHEME G - TIER I,12.2138
01/10/2025,PFM011,TATA PENSION FUND MANAGEMENT PRIVATE LIMITED,SM011004,TATA PENSION FUND MANAGEMENT PRIVATE LIMITED SCHEME A - TIER I,12.1523
01/10/2025,PFM011,TATA PENSION FUND MANAGEMENT PRIVATE LIMITED,SM011006,TATA PENSION FUND MANAGEMENT PRIVATE LIMITED SCHEME C - TIER II,11.9876
01/10/2025,PFM012,MAX LIFE PENSION FUND MANAGEMENT LIMITED,SM012005,MAX LIFE PENSION FUND MANAGEMENT LIMITED SCHEME E - TIER II,14.1838
01/10/2025,PFM012,MAX LIFE PENSION FUND MANAGEMENT LIMITED,SM012007,MAX LIFE PENSION FUND MANAGEMENT LIMITED SCHEME G - TIER II,11.9340
01/10/2025,PFM012,MAX LIFE PENSION FUND MANAGEMENT LIMITED,SM012008,MAX LIFE PENSION FUND MANAGEMENT LIMITED TAX SAVER TIER II,11.6282
01/10/2025,PFM012,MAX LIFE PENSION FUND MANAGEMENT LIMITED,SM012001,MAX LIFE PENSION FUND MANAGEMENT LIMITED SCHEME E - TIER I,13.4746
01/10/2025,PFM012,MAX LIFE PENSION FUND MANAGEMENT LIMITED,SM012002,MAX LIFE PENSION FUND MANAGEMENT LIMITED SCHEME C - TIER I,11.8762
01/10/2025,PFM012,MAX LIFE PENSION FUND MANAGEMENT LIMITED,SM012003,MAX LIFE PENSION FUND MANAGEMENT LIMITED SCHEME G - TIER I,12.2408
01/10/2025,PFM012,MAX LIFE PENSION FUND MANAGEMENT LIMITED,SM012004,MAX LIFE PENSION FUND MANAGEMENT LIMITED SCHEME A - TIER I,10.0486
01/10/2025,PFM012,MAX LIFE PENSION FUND MANAGEMENT LIMITED,SM012006,MAX LIFE PENSION FUND MANAGEMENT LIMITED SCHEME C - TIER II,12.0189
01/10/2025,PFM013,AXIS PENSION FUND MANAGEMENT LIMITED,SM013005,AXIS PENSION FUND MANAGEMENT LIMITED SCHEME E - TIER II,14.0767
01/10/2025,PFM013,AXIS PENSION FUND MANAGEMENT LIMITED,SM013007,AXIS PENSION FUND MANAGEMENT LIMITED SCHEME G - TIER II,11.9388
01/10/2025,PFM013,AXIS PENSION FUND MANAGEMENT LIMITED,SM013008,AXIS PENSION FUND MANAGEMENT LIMITED SCHEME TAX SAVER - TIER II,11.4865
01/10/2025,PFM013,AXIS PENSION FUND MANAGEMENT LIMITED,SM013001,AXIS PENSION FUND MANAGEMENT LIMITED SCHEME E - TIER I,13.8683
01/10/2025,PFM013,AXIS PENSION FUND MANAGEMENT LIMITED,SM013002,AXIS PENSION FUND MANAGEMENT LIMITED SCHEME C - TIER I,11.8832
01/10/2025,PFM013,AXIS PENSION FUND MANAGEMENT LIMITED,SM013003,AXIS PENSION FUND MANAGEMENT LIMITED SCHEME G - TIER I,12.0906
01/10/2025,PFM013,AXIS PENSION FUND MANAGEMENT LIMITED,SM013004,AXIS PENSION FUND MANAGEMENT LIMITED SCHEME A - TIER I,11.5989
01/10/2025,PFM013,AXIS PENSION FUND MANAGEMENT LIMITED,SM013006,AXIS PENSION FUND MANAGEMENT LIMITED SCHEME C - TIER II,11.6865
01/10/2025,PFM014,DSP PENSION FUND MANAGERS PRIVATE LIMITED,SM014005,NPS TRUST A/C DSP PENSION FUND MANAGERS PRIVATE LIMITED SCHEME E - TIER II,11.9069
01/10/2025,PFM014,DSP PENSION FUND MANAGERS PRIVATE LIMITED,SM014007,NPS TRUST A/C DSP PENSION FUND MANAGERS PRIVATE LIMITED SCHEME G - TIER II,10.9929
01/10/2025,PFM014,DSP PENSION FUND MANAGERS PRIVATE LIMITED,SM014008,NPS TRUST A/C DSP PENSION FUND MANAGERS PRIVATE LIMITED SCHEME TAX SAVER TIER II,10.6216
01/10/2025,PFM014,DSP PENSION FUND MANAGERS PRIVATE LIMITED,SM014001,NPS TRUST A/C DSP PENSION FUND MANAGERS PRIVATE LIMITED SCHEME E - TIER I,12.1827
01/10/2025,PFM014,DSP PENSION FUND MANAGERS PRIVATE LIMITED,SM014002,NPS TRUST A/C DSP PENSION FUND MANAGERS PRIVATE LIMITED SCHEME C - TIER I,10.9115
01/10/2025,PFM014,DSP PENSION FUND MANAGERS PRIVATE LIMITED,SM014003,NPS TRUST A/C DSP PENSION FUND MANAGERS PRIVATE LIMITED SCHEME G - TIER I,11.1695
01/10/2025,PFM014,DSP PENSION FUND MANAGERS PRIVATE LIMITED,SM014004,NPS TRUST A/C DSP PENSION FUND MANAGERS PRIVATE LIMITED SCHEME A - TIER I,10.6858
01/10/2025,PFM014,DSP PENSION FUND MANAGERS PRIVATE LIMITED,SM014006,NPS TRUST A/C DSP PENSION FUND MANAGERS PRIVATE LIMITED SCHEME C - TIER II,11.0863
