05/07/2025,PFM001,SBI PENSION FUNDS PRIVATE LIMITED,SM001005,SBI PENSION FUND SCHEME G - TIER I,41.2658
05/07/2025,PFM001,SBI PENSION FUNDS PRIVATE LIMITED,SM001001,SBI PENSION FUND SCHEME - CENTRAL GOVT,48.7116
05/07/2025,PFM001,SBI PENSION FUNDS PRIVATE LIMITED,SM001007,SBI PENSION FUND SCHEME C - TIER II,38.8234
05/07/2025,PFM001,SBI PENSION FUNDS PRIVATE LIMITED,SM001002,SBI PENSION FUND SCHEME - STATE GOVT,41.7267
05/07/2025,PFM001,SBI PENSION FUNDS PRIVATE LIMITED,SM001008,SBI PENSION FUND SCHEME G - TIER II,39.1427
05/07/2025,PFM001,SBI PENSION FUNDS PRIVATE LIMITED,SM001003,SBI PENSION FUND SCHEME E - TIER I,53.8800
05/07/2025,PFM001,SBI PENSION FUNDS PRIVATE LIMITED,SM001011,NPS TRUST - A/C SBI PENSION FUND SCHEME - ATAL PENSION YOJANA (APY),23.6576
05/07/2025,PFM001,SBI PENSION FUNDS PRIVATE LIMITED,SM001004,SBI PENSION FUND SCHEME C - TIER I,43.4467
05/07/2025,PFM001,SBI PENSION FUNDS PRIVATE LIMITED,SM001012,SBI PENSION FUND SCHEME A - TIER I,21.2032
05/07/2025,PFM001,SBI PENSION FUNDS PRIVATE LIMITED,SM001006,SBI PENSION FUND SCHEME E - TIER II,50.9092
05/07/2025,PFM001,SBI PENSION FUNDS PRIVATE LIMITED,SM001013,SBI PENSION FUND SCHEME A - TIER II,10.0000
05/07/2025,PFM001,SBI PENSION FUNDS PRIVATE LIMITED,SM001009,NPS TRUST A/C-SBI PENSION FUNDS PRIVATE LIMITED- NPS LITE SCHEME - GOVT. PATTERN,39.2876
05/07/2025,PFM001,SBI PENSION FUNDS PRIVATE LIMITED,SM001014,NPS TRUST A/C-SBI PENSION FUND SCHEME TAX SAVER TIER II,13.7172
05/07/2025,PFM001,SBI PENSION FUNDS PRIVATE LIMITED,SM001010,SBI PENSION FUNDS PVT LTD SCHEME - CORPORATE-CG,31.0342
05/07/2025,PFM001,SBI PENSION FUNDS PRIVATE LIMITED,SM001016,NPS TRUST - A/C SBI PENSION FUND SCHEME - NPS TIER - II COMPOSITE SCHEME,10.6667
05/07/2025,PFM001,SBI PENSION FUNDS PRIVATE LIMITED,SM001015,NPS TRUST - A/C SBI PENSION FUND SCHEME - APY FUND SCHEME,12.2323
05/07/2025,PFM001,SBI PENSION FUNDS PRIVATE LIMITED,SM001017,NPS TRUST A/C - SBI PENSION FUND - UPS CG SCHEME,10.0507
05/07/2025,PFM002,UTI PENSION FUND LIMITED,SM002005,NPS TRUST- A/C - UTI PENSION FUND SCHEME G - TIER I,36.9234
05/07/2025,PFM002,UTI PENSION FUND LIMITED,SM002001,NPS TRUST- A/C - UTI PENSION FUND SCHEME - CENTRAL GOVT,47.4295
05/07/2025,PFM002,UTI PENSION FUND LIMITED,SM002007,NPS TRUST- A/C - UTI PENSION FUND SCHEME C - TIER II,36.6221
05/07/2025,PFM002,UTI PENSION FUND LIMITED,SM002002,NPS TRUST- A/C - UTI PENSION FUND SCHEME - STATE GOVT,42.2364
05/07/2025,PFM002,UTI PENSION FUND LIMITED,SM002008,NPS TRUST- A/C - UTI PENSION FUND SCHEME G - TIER II,37.6460
05/07/2025,PFM002,UTI PENSION FUND LIMITED,SM002003,NPS TRUST- A/C - UTI PENSION FUND SCHEME E - TIER I,69.8112
05/07/2025,PFM002,UTI PENSION FUND LIMITED,SM002011,NPS TRUST- A/C - UTI PENSION FUND SCHEME - ATAL PENSION YOJANA (APY),24.2727
05/07/2025,PFM002,UTI PENSION FUND LIMITED,SM002004,NPS TRUST- A/C - UTI PENSION FUND SCHEME C - TIER I,38.3885
05/07/2025,PFM002,UTI PENSION FUND LIMITED,SM002012,NPS TRUST- A/C - UTI PENSION FUND SCHEME A - TIER I,17.9767
05/07/2025,PFM002,UTI PENSION FUND LIMITED,SM002006,NPS TRUST- A/C - UTI PENSION FUND SCHEME E - TIER II,55.6411
05/07/2025,PFM002,UTI PENSION FUND LIMITED,SM002013,NPS TRUST- A/C - UTI PENSION FUND SCHEME A - TIER II,10.0000
05/07/2025,PFM002,UTI PENSION FUND LIMITED,SM002009,NPS TRUST- A/C - UTI PENSION FUND - NPS LITE SCHEME GOVT. PATTERN,39.2010
05/07/2025,PFM002,UTI PENSION FUND LIMITED,SM002014,NPS TRUST- A/C - UTI PENSION FUND SCHEME TAX SAVER - TIER II,14.0316
05/07/2025,PFM002,UTI PENSION FUND LIMITED,SM002010,NPS TRUST- A/C - UTI PENSION FUND SCHEME - CORPORATE CG,10.0000
05/07/2025,PFM002,UTI PENSION FUND LIMITED,SM002016,NPS TRUST- A/C - UTI PENSION FUND SCHEME - NPS TIER- II COMPOSITE,10.9021
05/07/2025,PFM002,UTI PENSION FUND LIMITED,SM002015,NPS TRUST- A/C - UTI PENSION FUND SCHEME - APY FUND SCHEME,12.5439
05/07/2025,PFM002,UTI PENSION FUND LIMITED,SM002017,NPS TRUST A/C - UTI PENSION FUND SCHEME - UPS CG SCHEME,10.0971
05/07/2025,PFM003,LIC PENSION FUND LIMITED,SM003005,LIC PENSION FUND SCHEME E - TIER I,43.5622
05/07/2025,PFM003,LIC PENSION FUND LIMITED,SM003001,LIC PENSION FUND SCHEME - CENTRAL GOVT,47.6953
05/07/2025,PFM003,LIC PENSION FUND LIMITED,SM003007,LIC PENSION FUND SCHEME G - TIER I,30.8026
05/07/2025,PFM003,LIC PENSION FUND LIMITED,SM003002,LIC PENSION FUND SCHEME - STATE GOVT,42.4442
05/07/2025,PFM003,LIC PENSION FUND LIMITED,SM003008,LIC PENSION FUND SCHEME E - TIER II,36.2534
05/07/2025,PFM003,LIC PENSION FUND LIMITED,SM003003,NPS TRUST A/C-LIC PENSION FUND LIMITED- NPS LITE SCHEME - GOVT. PATTERN,39.4500
05/07/2025,PFM003,LIC PENSION FUND LIMITED,SM003011,NPS TRUST - A/C LIC PENSION FUND SCHEME - ATAL PENSION YOJANA (APY),24.3675
05/07/2025,PFM003,LIC PENSION FUND LIMITED,SM003004,LIC PENSION FUND LIMITED SCHEME - CORPORATE-CG,31.4943
05/07/2025,PFM003,LIC PENSION FUND LIMITED,SM003012,LIC PENSION FUND SCHEME A - TIER I,18.9045
05/07/2025,PFM003,LIC PENSION FUND LIMITED,SM003006,LIC PENSION FUND SCHEME C - TIER I,27.8705
05/07/2025,PFM003,LIC PENSION FUND LIMITED,SM003013,LIC PENSION FUND SCHEME A - TIER II,10.0000
05/07/2025,PFM003,LIC PENSION FUND LIMITED,SM003009,LIC PENSION FUND SCHEME C - TIER II,26.4320
05/07/2025,PFM003,LIC PENSION FUND LIMITED,SM003014,NPS TRUST - A/C LIC PENSION FUND SCHEME TAX SAVER TIER II,14.6778
05/07/2025,PFM003,LIC PENSION FUND LIMITED,SM003010,LIC PENSION FUND SCHEME G - TIER II,31.3190
05/07/2025,PFM003,LIC PENSION FUND LIMITED,SM003016,NPS TRUST - A/C LIC PENSION FUND SCHEME - NPS TIER - II COMPOSITE SCHEME,10.8586
05/07/2025,PFM003,LIC PENSION FUND LIMITED,SM003015,NPS TRUST - A/C LIC PENSION FUND SCHEME - APY FUND SCHEME,12.5554
05/07/2025,PFM003,LIC PENSION FUND LIMITED,SM003017,NPS TRUST A/C - LIC PENSION FUND - UPS CG SCHEME,10.0299
05/07/2025,PFM005,KOTAK MAHINDRA PENSION FUND LIMITED,SM005001,KOTAK PENSION FUND SCHEME E - TIER I,65.6287
05/07/2025,PFM005,KOTAK MAHINDRA PENSION FUND LIMITED,SM005005,KOTAK PENSION FUND SCHEME C - TIER II,36.0256
05/07/2025,PFM005,KOTAK MAHINDRA PENSION FUND LIMITED,SM005002,KOTAK PENSION FUND SCHEME C - TIER I,41.4841
05/07/2025,PFM005,KOTAK MAHINDRA PENSION FUND LIMITED,SM005007,NPS TRUST A/C-KOTAK MAHINDRA PENSION FUND LIMITED- NPS LITE SCHEME - GOVT. PATTERN,34.4033
05/07/2025,PFM005,KOTAK MAHINDRA PENSION FUND LIMITED,SM005003,KOTAK PENSION FUND SCHEME G - TIER I,37.9110
05/07/2025,PFM005,KOTAK MAHINDRA PENSION FUND LIMITED,SM005008,KOTAK PENSION FUND SCHEME A - TIER I,18.1619
05/07/2025,PFM005,KOTAK MAHINDRA PENSION FUND LIMITED,SM005004,KOTAK PENSION FUND SCHEME E - TIER II,57.5968
05/07/2025,PFM005,KOTAK MAHINDRA PENSION FUND LIMITED,SM005006,KOTAK PENSION FUND SCHEME G - TIER II,35.0193
05/07/2025,PFM005,KOTAK MAHINDRA PENSION FUND LIMITED,SM005009,KOTAK PENSION FUND SCHEME A - TIER II,10.0000
05/07/2025,PFM005,KOTAK MAHINDRA PENSION FUND LIMITED,SM005010,NPS TRUST A/C-KOTAK MAHINDRA PENSION FUND SCHEME TAX SAVER TIER II,14.7778
05/07/2025,PFM007,ICICI PRUDENTIAL PENSION FUNDS MANAGEMENT COMPANY LIMITED,SM007005,ICICI PRUDENTIAL PENSION FUND SCHEME C - TIER II,40.0613
05/07/2025,PFM007,ICICI PRUDENTIAL PENSION FUNDS MANAGEMENT COMPANY LIMITED,SM007001,ICICI PRUDENTIAL PENSION FUND SCHEME E - TIER I,70.3175
05/07/2025,PFM007,ICICI PRUDENTIAL PENSION FUNDS MANAGEMENT COMPANY LIMITED,SM007007,NPS TRUST A/C-ICICI PRUDENTIAL PENSION FUNDS MANAGEMENT COMPANY LIMITED- NPS LITE SCHEME - GOVT. PATTERN,10.0000
05/07/2025,PFM007,ICICI PRUDENTIAL PENSION FUNDS MANAGEMENT COMPANY LIMITED,SM007002,ICICI PRUDENTIAL PENSION FUND SCHEME C - TIER I,43.2781
05/07/2025,PFM007,ICICI PRUDENTIAL PENSION FUNDS MANAGEMENT COMPANY LIMITED,SM007008,ICICI PRUDENTIAL PENSION FUND SCHEME A - TIER I,18.4180
05/07/2025,PFM007,ICICI PRUDENTIAL PENSION FUNDS MANAGEMENT COMPANY LIMITED,SM007003,ICICI PRUDENTIAL PENSION FUND SCHEME G - TIER I,38.0607
05/07/2025,PFM007,ICICI PRUDENTIAL PENSION FUNDS MANAGEMENT COMPANY LIMITED,SM007004,ICICI PRUDENTIAL PENSION FUND SCHEME E - TIER II,55.4370
05/07/2025,PFM007,ICICI PRUDENTIAL PENSION FUNDS MANAGEMENT COMPANY LIMITED,SM007006,ICICI PRUDENTIAL PENSION FUND SCHEME G - TIER II,36.4554
05/07/2025,PFM007,ICICI PRUDENTIAL PENSION FUNDS MANAGEMENT COMPANY LIMITED,SM007009,ICICI PRUDENTIAL PENSION FUND SCHEME A - TIER II,10.0000
05/07/2025,PFM007,ICICI PRUDENTIAL PENSION FUNDS MANAGEMENT COMPANY LIMITED,SM007010,ICICI PRUDENTIAL PENSION FUNDS SCHEME TAX SAVER TIER II,14.4378
05/07/2025,PFM008,HDFC PENSION FUND MANAGEMENT LIMITED,SM008005,NPS TRUST- A/C HDFC PENSION FUND MANAGEMENT LIMITED SCHEME C - TIER II,26.7987
05/07/2025,PFM008,HDFC PENSION FUND MANAGEMENT LIMITED,SM008001,NPS TRUST- A/C HDFC PENSION FUND MANAGEMENT LIMITED SCHEME E - TIER I,51.9045
05/07/2025,PFM008,HDFC PENSION FUND MANAGEMENT LIMITED,SM008007,NPS TRUST- A/C HDFC PENSION FUND MANAGEMENT LIMITED SCHEME - NPS LITE SCHEME - GOVT. PATTERN,10.0000
05/07/2025,PFM008,HDFC PENSION FUND MANAGEMENT LIMITED,SM008002,NPS TRUST- A/C HDFC PENSION FUND MANAGEMENT LIMITED SCHEME C - TIER I,28.7383
05/07/2025,PFM008,HDFC PENSION FUND MANAGEMENT LIMITED,SM008008,NPS TRUST- A/C HDFC PENSION FUND MANAGEMENT LIMITED SCHEME A - TIER I,20.4345
05/07/2025,PFM008,HDFC PENSION FUND MANAGEMENT LIMITED,SM008003,NPS TRUST- A/C HDFC PENSION FUND MANAGEMENT LIMITED SCHEME G - TIER I,28.5304
05/07/2025,PFM008,HDFC PENSION FUND MANAGEMENT LIMITED,SM008004,NPS TRUST- A/C HDFC PENSION FUND MANAGEMENT LIMITED SCHEME E - TIER II,44.8760
05/07/2025,PFM008,HDFC PENSION FUND MANAGEMENT LIMITED,SM008006,NPS TRUST- A/C HDFC PENSION FUND MANAGEMENT LIMITED SCHEME G - TIER II,28.9186
05/07/2025,PFM008,HDFC PENSION FUND MANAGEMENT LIMITED,SM008009,HDFC PENSION FUND MANAGEMENT LIMITED SCHEME A - TIER II,10.0000
05/07/2025,PFM008,HDFC PENSION FUND MANAGEMENT LIMITED,SM008010,NPS TRUST- A/C HDFC PENSION FUND MANAGEMENT LIMITED SCHEME TAX SAVER - TIER II,14.1260
05/07/2025,PFM010,ADITYA BIRLA SUNLIFE PENSION FUND MANAGEMENT LIMITED,SM010001,ADITYA BIRLA SUNLIFE PENSION FUND SCHEME E - TIER I,27.5800
05/07/2025,PFM010,ADITYA BIRLA SUNLIFE PENSION FUND MANAGEMENT LIMITED,SM010005,ADITYA BIRLA SUNLIFE PENSION FUND SCHEME E - TIER II,27.9126
05/07/2025,PFM010,ADITYA BIRLA SUNLIFE PENSION FUND MANAGEMENT LIMITED,SM010002,ADITYA BIRLA SUNLIFE PENSION FUND SCHEME C - TIER I,19.2821
05/07/2025,PFM010,ADITYA BIRLA SUNLIFE PENSION FUND MANAGEMENT LIMITED,SM010007,ADITYA BIRLA SUNLIFE PENSION FUND SCHEME G - TIER II,18.3349
05/07/2025,PFM010,ADITYA BIRLA SUNLIFE PENSION FUND MANAGEMENT LIMITED,SM010003,ADITYA BIRLA SUNLIFE PENSION FUND SCHEME G - TIER I,19.0856
05/07/2025,PFM010,ADITYA BIRLA SUNLIFE PENSION FUND MANAGEMENT LIMITED,SM010008,ADITYA BIRLA SUNLIFE PENSION FUND SCHEME A - TIER II,10.0000
05/07/2025,PFM010,ADITYA BIRLA SUNLIFE PENSION FUND MANAGEMENT LIMITED,SM010004,ADITYA BIRLA SUNLIFE PENSION FUND SCHEME A - TIER I,17.0948
05/07/2025,PFM010,ADITYA BIRLA SUNLIFE PENSION FUND MANAGEMENT LIMITED,SM010006,ADITYA BIRLA SUNLIFE PENSION FUND SCHEME C - TIER II,18.6183
05/07/2025,PFM010,ADITYA BIRLA SUNLIFE PENSION FUND MANAGEMENT LIMITED,SM010009,ADITYA BIRLA SUN LIFE PENSION FUND SCHEME TAX SAVER TIER II,14.8048
05/07/2025,PFM011,TATA PENSION FUND MANAGEMENT PRIVATE LIMITED,SM011001,TATA PENSION FUND MANAGEMENT PRIVATE LIMITED SCHEME E - TIER I,15.1313
05/07/2025,PFM011,TATA PENSION FUND MANAGEMENT PRIVATE LIMITED,SM011005,TATA PENSION FUND MANAGEMENT PRIVATE LIMITED SCHEME E - TIER II,15.1065
05/07/2025,PFM011,TATA PENSION FUND MANAGEMENT PRIVATE LIMITED,SM011002,TATA PENSION FUND MANAGEMENT PRIVATE LIMITED SCHEME C - TIER I,12.3523
05/07/2025,PFM011,TATA PENSION FUND MANAGEMENT PRIVATE LIMITED,SM011007,TATA PENSION FUND MANAGEMENT PRIVATE LIMITED SCHEME G - TIER II,12.9192
05/07/2025,PFM011,TATA PENSION FUND MANAGEMENT PRIVATE LIMITED,SM011003,TATA PENSION FUND MANAGEMENT PRIVATE LIMITED SCHEME G - TIER I,12.8690
05/07/2025,PFM011,TATA PENSION FUND MANAGEMENT PRIVATE LIMITED,SM011008,TATA PENSION FUND MANAGEMENT PRIVATE LIMITED TAX SAVER - TIER II,12.8202
05/07/2025,PFM011,TATA PENSION FUND MANAGEMENT PRIVATE LIMITED,SM011004,TATA PENSION FUND MANAGEMENT PRIVATE LIMITED SCHEME A - TIER I,12.7594
05/07/2025,PFM011,TATA PENSION FUND MANAGEMENT PRIVATE LIMITED,SM011006,TATA PENSION FUND MANAGEMENT PRIVATE LIMITED SCHEME C - TIER II,12.4472
05/07/2025,PFM013,AXIS PENSION FUND MANAGEMENT LIMITED,SM013005,AXIS PENSION FUND MANAGEMENT LIMITED SCHEME E - TIER II,14.5520
05/07/2025,PFM013,AXIS PENSION FUND MANAGEMENT LIMITED,SM013001,AXIS PENSION FUND MANAGEMENT LIMITED SCHEME E - TIER I,14.2749
05/07/2025,PFM013,AXIS PENSION FUND MANAGEMENT LIMITED,SM013007,AXIS PENSION FUND MANAGEMENT LIMITED SCHEME G - TIER II,12.5667
05/07/2025,PFM013,AXIS PENSION FUND MANAGEMENT LIMITED,SM013002,AXIS PENSION FUND MANAGEMENT LIMITED SCHEME C - TIER I,12.3435
05/07/2025,PFM013,AXIS PENSION FUND MANAGEMENT LIMITED,SM013008,AXIS PENSION FUND MANAGEMENT LIMITED SCHEME TAX SAVER - TIER II,11.7134
05/07/2025,PFM013,AXIS PENSION FUND MANAGEMENT LIMITED,SM013003,AXIS PENSION FUND MANAGEMENT LIMITED SCHEME G - TIER I,12.7020
05/07/2025,PFM013,AXIS PENSION FUND MANAGEMENT LIMITED,SM013004,AXIS PENSION FUND MANAGEMENT LIMITED SCHEME A - TIER I,11.8934
05/07/2025,PFM013,AXIS PENSION FUND MANAGEMENT LIMITED,SM013006,AXIS PENSION FUND MANAGEMENT LIMITED SCHEME C - TIER II,12.1370
05/07/2025,PFM014,DSP PENSION FUND MANAGERS PRIVATE LIMITED,SM014005,NPS TRUST A/C DSP PENSION FUND MANAGERS PRIVATE LIMITED SCHEME E - TIER II,12.5913
05/07/2025,PFM014,DSP PENSION FUND MANAGERS PRIVATE LIMITED,SM014001,NPS TRUST A/C DSP PENSION FUND MANAGERS PRIVATE LIMITED SCHEME E - TIER I,12.8272
05/07/2025,PFM014,DSP PENSION FUND MANAGERS PRIVATE LIMITED,SM014007,NPS TRUST A/C DSP PENSION FUND MANAGERS PRIVATE LIMITED SCHEME G - TIER II,11.5792
05/07/2025,PFM014,DSP PENSION FUND MANAGERS PRIVATE LIMITED,SM014002,NPS TRUST A/C DSP PENSION FUND MANAGERS PRIVATE LIMITED SCHEME C - TIER I,11.3268
05/07/2025,PFM014,DSP PENSION FUND MANAGERS PRIVATE LIMITED,SM014008,NPS TRUST A/C DSP PENSION FUND MANAGERS PRIVATE LIMITED SCHEME TAX SAVER TIER II,10.8594
05/07/2025,PFM014,DSP PENSION FUND MANAGERS PRIVATE LIMITED,SM014003,NPS TRUST A/C DSP PENSION FUND MANAGERS PRIVATE LIMITED SCHEME G - TIER I,11.7738
05/07/2025,PFM014,DSP PENSION FUND MANAGERS PRIVATE LIMITED,SM014004,NPS TRUST A/C DSP PENSION FUND MANAGERS PRIVATE LIMITED SCHEME A - TIER I,10.9320
05/07/2025,PFM014,DSP PENSION FUND MANAGERS PRIVATE LIMITED,SM014006,NPS TRUST A/C DSP PENSION FUND MANAGERS PRIVATE LIMITED SCHEME C - TIER II,11.5123
