05/08/2025,PFM001,SBI PENSION FUNDS PRIVATE LIMITED,SM001005,SBI PENSION FUND SCHEME G - TIER I,41.0358
05/08/2025,PFM001,SBI PENSION FUNDS PRIVATE LIMITED,SM001001,SBI PENSION FUND SCHEME - CENTRAL GOVT,48.4659
05/08/2025,PFM001,SBI PENSION FUNDS PRIVATE LIMITED,SM001007,SBI PENSION FUND SCHEME C - TIER II,38.6610
05/08/2025,PFM001,SBI PENSION FUNDS PRIVATE LIMITED,SM001002,SBI PENSION FUND SCHEME - STATE GOVT,41.5132
05/08/2025,PFM001,SBI PENSION FUNDS PRIVATE LIMITED,SM001008,SBI PENSION FUND SCHEME G - TIER II,38.9682
05/08/2025,PFM001,SBI PENSION FUNDS PRIVATE LIMITED,SM001003,SBI PENSION FUND SCHEME E - TIER I,53.2755
05/08/2025,PFM001,SBI PENSION FUNDS PRIVATE LIMITED,SM001011,NPS TRUST - A/C SBI PENSION FUND SCHEME - ATAL PENSION YOJANA (APY),23.5427
05/08/2025,PFM001,SBI PENSION FUNDS PRIVATE LIMITED,SM001004,SBI PENSION FUND SCHEME C - TIER I,43.2685
05/08/2025,PFM001,SBI PENSION FUNDS PRIVATE LIMITED,SM001012,SBI PENSION FUND SCHEME A - TIER I,21.1082
05/08/2025,PFM001,SBI PENSION FUNDS PRIVATE LIMITED,SM001006,SBI PENSION FUND SCHEME E - TIER II,50.3877
05/08/2025,PFM001,SBI PENSION FUNDS PRIVATE LIMITED,SM001013,SBI PENSION FUND SCHEME A - TIER II,10.0000
05/08/2025,PFM001,SBI PENSION FUNDS PRIVATE LIMITED,SM001009,NPS TRUST A/C-SBI PENSION FUNDS PRIVATE LIMITED- NPS LITE SCHEME - GOVT. PATTERN,39.0647
05/08/2025,PFM001,SBI PENSION FUNDS PRIVATE LIMITED,SM001014,NPS TRUST A/C-SBI PENSION FUND SCHEME TAX SAVER TIER II,13.6343
05/08/2025,PFM001,SBI PENSION FUNDS PRIVATE LIMITED,SM001010,SBI PENSION FUNDS PVT LTD SCHEME - CORPORATE-CG,30.8784
05/08/2025,PFM001,SBI PENSION FUNDS PRIVATE LIMITED,SM001016,NPS TRUST - A/C SBI PENSION FUND SCHEME - NPS TIER - II COMPOSITE SCHEME,10.6266
05/08/2025,PFM001,SBI PENSION FUNDS PRIVATE LIMITED,SM001015,NPS TRUST - A/C SBI PENSION FUND SCHEME - APY FUND SCHEME,12.1666
05/08/2025,PFM001,SBI PENSION FUNDS PRIVATE LIMITED,SM001017,NPS TRUST A/C - SBI PENSION FUND - UPS CG SCHEME,10.0365
05/08/2025,PFM002,UTI PENSION FUND LIMITED,SM002005,NPS TRUST- A/C - UTI PENSION FUND SCHEME G - TIER I,36.7354
05/08/2025,PFM002,UTI PENSION FUND LIMITED,SM002001,NPS TRUST- A/C - UTI PENSION FUND SCHEME - CENTRAL GOVT,47.2307
05/08/2025,PFM002,UTI PENSION FUND LIMITED,SM002007,NPS TRUST- A/C - UTI PENSION FUND SCHEME C - TIER II,36.4957
05/08/2025,PFM002,UTI PENSION FUND LIMITED,SM002002,NPS TRUST- A/C - UTI PENSION FUND SCHEME - STATE GOVT,42.0593
05/08/2025,PFM002,UTI PENSION FUND LIMITED,SM002008,NPS TRUST- A/C - UTI PENSION FUND SCHEME G - TIER II,37.4790
05/08/2025,PFM002,UTI PENSION FUND LIMITED,SM002003,NPS TRUST- A/C - UTI PENSION FUND SCHEME E - TIER I,69.2248
05/08/2025,PFM002,UTI PENSION FUND LIMITED,SM002011,NPS TRUST- A/C - UTI PENSION FUND SCHEME - ATAL PENSION YOJANA (APY),24.1700
05/08/2025,PFM002,UTI PENSION FUND LIMITED,SM002004,NPS TRUST- A/C - UTI PENSION FUND SCHEME C - TIER I,38.2267
05/08/2025,PFM002,UTI PENSION FUND LIMITED,SM002012,NPS TRUST- A/C - UTI PENSION FUND SCHEME A - TIER I,17.8956
05/08/2025,PFM002,UTI PENSION FUND LIMITED,SM002006,NPS TRUST- A/C - UTI PENSION FUND SCHEME E - TIER II,55.1432
05/08/2025,PFM002,UTI PENSION FUND LIMITED,SM002013,NPS TRUST- A/C - UTI PENSION FUND SCHEME A - TIER II,10.0000
05/08/2025,PFM002,UTI PENSION FUND LIMITED,SM002009,NPS TRUST- A/C - UTI PENSION FUND - NPS LITE SCHEME GOVT. PATTERN,39.0305
05/08/2025,PFM002,UTI PENSION FUND LIMITED,SM002014,NPS TRUST- A/C - UTI PENSION FUND SCHEME TAX SAVER - TIER II,13.9742
05/08/2025,PFM002,UTI PENSION FUND LIMITED,SM002010,NPS TRUST- A/C - UTI PENSION FUND SCHEME - CORPORATE CG,10.0000
05/08/2025,PFM002,UTI PENSION FUND LIMITED,SM002016,NPS TRUST- A/C - UTI PENSION FUND SCHEME - NPS TIER- II COMPOSITE,10.8696
05/08/2025,PFM002,UTI PENSION FUND LIMITED,SM002015,NPS TRUST- A/C - UTI PENSION FUND SCHEME - APY FUND SCHEME,12.4884
05/08/2025,PFM002,UTI PENSION FUND LIMITED,SM002017,NPS TRUST A/C - UTI PENSION FUND SCHEME - UPS CG SCHEME,10.0778
05/08/2025,PFM003,LIC PENSION FUND LIMITED,SM003005,LIC PENSION FUND SCHEME E - TIER I,43.2218
05/08/2025,PFM003,LIC PENSION FUND LIMITED,SM003001,LIC PENSION FUND SCHEME - CENTRAL GOVT,47.4810
05/08/2025,PFM003,LIC PENSION FUND LIMITED,SM003007,LIC PENSION FUND SCHEME G - TIER I,30.6474
05/08/2025,PFM003,LIC PENSION FUND LIMITED,SM003002,LIC PENSION FUND SCHEME - STATE GOVT,42.2554
05/08/2025,PFM003,LIC PENSION FUND LIMITED,SM003008,LIC PENSION FUND SCHEME E - TIER II,35.9711
05/08/2025,PFM003,LIC PENSION FUND LIMITED,SM003003,NPS TRUST A/C-LIC PENSION FUND LIMITED- NPS LITE SCHEME - GOVT. PATTERN,39.2589
05/08/2025,PFM003,LIC PENSION FUND LIMITED,SM003011,NPS TRUST - A/C LIC PENSION FUND SCHEME - ATAL PENSION YOJANA (APY),24.2553
05/08/2025,PFM003,LIC PENSION FUND LIMITED,SM003004,LIC PENSION FUND LIMITED SCHEME - CORPORATE-CG,31.3458
05/08/2025,PFM003,LIC PENSION FUND LIMITED,SM003012,LIC PENSION FUND SCHEME A - TIER I,18.8200
05/08/2025,PFM003,LIC PENSION FUND LIMITED,SM003006,LIC PENSION FUND SCHEME C - TIER I,27.7776
05/08/2025,PFM003,LIC PENSION FUND LIMITED,SM003013,LIC PENSION FUND SCHEME A - TIER II,10.0000
05/08/2025,PFM003,LIC PENSION FUND LIMITED,SM003009,LIC PENSION FUND SCHEME C - TIER II,26.3521
05/08/2025,PFM003,LIC PENSION FUND LIMITED,SM003014,NPS TRUST - A/C LIC PENSION FUND SCHEME TAX SAVER TIER II,14.6119
05/08/2025,PFM003,LIC PENSION FUND LIMITED,SM003010,LIC PENSION FUND SCHEME G - TIER II,31.1768
05/08/2025,PFM003,LIC PENSION FUND LIMITED,SM003016,NPS TRUST - A/C LIC PENSION FUND SCHEME - NPS TIER - II COMPOSITE SCHEME,10.8092
05/08/2025,PFM003,LIC PENSION FUND LIMITED,SM003015,NPS TRUST - A/C LIC PENSION FUND SCHEME - APY FUND SCHEME,12.5017
05/08/2025,PFM003,LIC PENSION FUND LIMITED,SM003017,NPS TRUST A/C - LIC PENSION FUND - UPS CG SCHEME,10.0312
05/08/2025,PFM005,KOTAK MAHINDRA PENSION FUND LIMITED,SM005001,KOTAK PENSION FUND SCHEME E - TIER I,65.0064
05/08/2025,PFM005,KOTAK MAHINDRA PENSION FUND LIMITED,SM005005,KOTAK PENSION FUND SCHEME C - TIER II,35.8788
05/08/2025,PFM005,KOTAK MAHINDRA PENSION FUND LIMITED,SM005002,KOTAK PENSION FUND SCHEME C - TIER I,41.2997
05/08/2025,PFM005,KOTAK MAHINDRA PENSION FUND LIMITED,SM005007,NPS TRUST A/C-KOTAK MAHINDRA PENSION FUND LIMITED- NPS LITE SCHEME - GOVT. PATTERN,34.2438
05/08/2025,PFM005,KOTAK MAHINDRA PENSION FUND LIMITED,SM005003,KOTAK PENSION FUND SCHEME G - TIER I,37.7182
05/08/2025,PFM005,KOTAK MAHINDRA PENSION FUND LIMITED,SM005008,KOTAK PENSION FUND SCHEME A - TIER I,18.0759
05/08/2025,PFM005,KOTAK MAHINDRA PENSION FUND LIMITED,SM005004,KOTAK PENSION FUND SCHEME E - TIER II,57.0528
05/08/2025,PFM005,KOTAK MAHINDRA PENSION FUND LIMITED,SM005006,KOTAK PENSION FUND SCHEME G - TIER II,34.8335
05/08/2025,PFM005,KOTAK MAHINDRA PENSION FUND LIMITED,SM005009,KOTAK PENSION FUND SCHEME A - TIER II,10.0000
05/08/2025,PFM005,KOTAK MAHINDRA PENSION FUND LIMITED,SM005010,NPS TRUST A/C-KOTAK MAHINDRA PENSION FUND SCHEME TAX SAVER TIER II,14.6963
05/08/2025,PFM007,ICICI PRUDENTIAL PENSION FUNDS MANAGEMENT COMPANY LIMITED,SM007005,ICICI PRUDENTIAL PENSION FUND SCHEME C - TIER II,39.8937
05/08/2025,PFM007,ICICI PRUDENTIAL PENSION FUNDS MANAGEMENT COMPANY LIMITED,SM007001,ICICI PRUDENTIAL PENSION FUND SCHEME E - TIER I,69.4839
05/08/2025,PFM007,ICICI PRUDENTIAL PENSION FUNDS MANAGEMENT COMPANY LIMITED,SM007007,NPS TRUST A/C-ICICI PRUDENTIAL PENSION FUNDS MANAGEMENT COMPANY LIMITED- NPS LITE SCHEME - GOVT. PATTERN,10.0000
05/08/2025,PFM007,ICICI PRUDENTIAL PENSION FUNDS MANAGEMENT COMPANY LIMITED,SM007002,ICICI PRUDENTIAL PENSION FUND SCHEME C - TIER I,43.0975
05/08/2025,PFM007,ICICI PRUDENTIAL PENSION FUNDS MANAGEMENT COMPANY LIMITED,SM007008,ICICI PRUDENTIAL PENSION FUND SCHEME A - TIER I,18.3938
05/08/2025,PFM007,ICICI PRUDENTIAL PENSION FUNDS MANAGEMENT COMPANY LIMITED,SM007003,ICICI PRUDENTIAL PENSION FUND SCHEME G - TIER I,37.8436
05/08/2025,PFM007,ICICI PRUDENTIAL PENSION FUNDS MANAGEMENT COMPANY LIMITED,SM007004,ICICI PRUDENTIAL PENSION FUND SCHEME E - TIER II,54.7578
05/08/2025,PFM007,ICICI PRUDENTIAL PENSION FUNDS MANAGEMENT COMPANY LIMITED,SM007006,ICICI PRUDENTIAL PENSION FUND SCHEME G - TIER II,36.2643
05/08/2025,PFM007,ICICI PRUDENTIAL PENSION FUNDS MANAGEMENT COMPANY LIMITED,SM007009,ICICI PRUDENTIAL PENSION FUND SCHEME A - TIER II,10.0000
05/08/2025,PFM007,ICICI PRUDENTIAL PENSION FUNDS MANAGEMENT COMPANY LIMITED,SM007010,ICICI PRUDENTIAL PENSION FUNDS SCHEME TAX SAVER TIER II,14.3857
05/08/2025,PFM008,HDFC PENSION FUND MANAGEMENT LIMITED,SM008005,NPS TRUST- A/C HDFC PENSION FUND MANAGEMENT LIMITED SCHEME C - TIER II,26.6885
05/08/2025,PFM008,HDFC PENSION FUND MANAGEMENT LIMITED,SM008001,NPS TRUST- A/C HDFC PENSION FUND MANAGEMENT LIMITED SCHEME E - TIER I,51.4734
05/08/2025,PFM008,HDFC PENSION FUND MANAGEMENT LIMITED,SM008007,NPS TRUST- A/C HDFC PENSION FUND MANAGEMENT LIMITED SCHEME - NPS LITE SCHEME - GOVT. PATTERN,10.0000
05/08/2025,PFM008,HDFC PENSION FUND MANAGEMENT LIMITED,SM008002,NPS TRUST- A/C HDFC PENSION FUND MANAGEMENT LIMITED SCHEME C - TIER I,28.6069
05/08/2025,PFM008,HDFC PENSION FUND MANAGEMENT LIMITED,SM008008,NPS TRUST- A/C HDFC PENSION FUND MANAGEMENT LIMITED SCHEME A - TIER I,20.4177
05/08/2025,PFM008,HDFC PENSION FUND MANAGEMENT LIMITED,SM008003,NPS TRUST- A/C HDFC PENSION FUND MANAGEMENT LIMITED SCHEME G - TIER I,28.3813
05/08/2025,PFM008,HDFC PENSION FUND MANAGEMENT LIMITED,SM008004,NPS TRUST- A/C HDFC PENSION FUND MANAGEMENT LIMITED SCHEME E - TIER II,44.5008
05/08/2025,PFM008,HDFC PENSION FUND MANAGEMENT LIMITED,SM008006,NPS TRUST- A/C HDFC PENSION FUND MANAGEMENT LIMITED SCHEME G - TIER II,28.7832
05/08/2025,PFM008,HDFC PENSION FUND MANAGEMENT LIMITED,SM008009,HDFC PENSION FUND MANAGEMENT LIMITED SCHEME A - TIER II,10.0000
05/08/2025,PFM008,HDFC PENSION FUND MANAGEMENT LIMITED,SM008010,NPS TRUST- A/C HDFC PENSION FUND MANAGEMENT LIMITED SCHEME TAX SAVER - TIER II,14.0682
05/08/2025,PFM010,ADITYA BIRLA SUNLIFE PENSION FUND MANAGEMENT LIMITED,SM010001,ADITYA BIRLA SUNLIFE PENSION FUND SCHEME E - TIER I,27.3307
05/08/2025,PFM010,ADITYA BIRLA SUNLIFE PENSION FUND MANAGEMENT LIMITED,SM010005,ADITYA BIRLA SUNLIFE PENSION FUND SCHEME E - TIER II,27.6638
05/08/2025,PFM010,ADITYA BIRLA SUNLIFE PENSION FUND MANAGEMENT LIMITED,SM010002,ADITYA BIRLA SUNLIFE PENSION FUND SCHEME C - TIER I,19.2080
05/08/2025,PFM010,ADITYA BIRLA SUNLIFE PENSION FUND MANAGEMENT LIMITED,SM010007,ADITYA BIRLA SUNLIFE PENSION FUND SCHEME G - TIER II,18.2436
05/08/2025,PFM010,ADITYA BIRLA SUNLIFE PENSION FUND MANAGEMENT LIMITED,SM010003,ADITYA BIRLA SUNLIFE PENSION FUND SCHEME G - TIER I,18.9979
05/08/2025,PFM010,ADITYA BIRLA SUNLIFE PENSION FUND MANAGEMENT LIMITED,SM010008,ADITYA BIRLA SUNLIFE PENSION FUND SCHEME A - TIER II,10.0000
05/08/2025,PFM010,ADITYA BIRLA SUNLIFE PENSION FUND MANAGEMENT LIMITED,SM010004,ADITYA BIRLA SUNLIFE PENSION FUND SCHEME A - TIER I,16.9996
05/08/2025,PFM010,ADITYA BIRLA SUNLIFE PENSION FUND MANAGEMENT LIMITED,SM010006,ADITYA BIRLA SUNLIFE PENSION FUND SCHEME C - TIER II,18.5329
05/08/2025,PFM010,ADITYA BIRLA SUNLIFE PENSION FUND MANAGEMENT LIMITED,SM010009,ADITYA BIRLA SUN LIFE PENSION FUND SCHEME TAX SAVER TIER II,14.7287
05/08/2025,PFM011,TATA PENSION FUND MANAGEMENT PRIVATE LIMITED,SM011001,TATA PENSION FUND MANAGEMENT PRIVATE LIMITED SCHEME E - TIER I,14.9745
05/08/2025,PFM011,TATA PENSION FUND MANAGEMENT PRIVATE LIMITED,SM011005,TATA PENSION FUND MANAGEMENT PRIVATE LIMITED SCHEME E - TIER II,14.9494
05/08/2025,PFM011,TATA PENSION FUND MANAGEMENT PRIVATE LIMITED,SM011002,TATA PENSION FUND MANAGEMENT PRIVATE LIMITED SCHEME C - TIER I,12.3033
05/08/2025,PFM011,TATA PENSION FUND MANAGEMENT PRIVATE LIMITED,SM011007,TATA PENSION FUND MANAGEMENT PRIVATE LIMITED SCHEME G - TIER II,12.8532
05/08/2025,PFM011,TATA PENSION FUND MANAGEMENT PRIVATE LIMITED,SM011003,TATA PENSION FUND MANAGEMENT PRIVATE LIMITED SCHEME G - TIER I,12.7967
05/08/2025,PFM011,TATA PENSION FUND MANAGEMENT PRIVATE LIMITED,SM011008,TATA PENSION FUND MANAGEMENT PRIVATE LIMITED TAX SAVER - TIER II,12.7256
05/08/2025,PFM011,TATA PENSION FUND MANAGEMENT PRIVATE LIMITED,SM011004,TATA PENSION FUND MANAGEMENT PRIVATE LIMITED SCHEME A - TIER I,12.6795
05/08/2025,PFM011,TATA PENSION FUND MANAGEMENT PRIVATE LIMITED,SM011006,TATA PENSION FUND MANAGEMENT PRIVATE LIMITED SCHEME C - TIER II,12.3961
05/08/2025,PFM013,AXIS PENSION FUND MANAGEMENT LIMITED,SM013005,AXIS PENSION FUND MANAGEMENT LIMITED SCHEME E - TIER II,14.4318
05/08/2025,PFM013,AXIS PENSION FUND MANAGEMENT LIMITED,SM013001,AXIS PENSION FUND MANAGEMENT LIMITED SCHEME E - TIER I,14.1547
05/08/2025,PFM013,AXIS PENSION FUND MANAGEMENT LIMITED,SM013007,AXIS PENSION FUND MANAGEMENT LIMITED SCHEME G - TIER II,12.4951
05/08/2025,PFM013,AXIS PENSION FUND MANAGEMENT LIMITED,SM013002,AXIS PENSION FUND MANAGEMENT LIMITED SCHEME C - TIER I,12.2921
05/08/2025,PFM013,AXIS PENSION FUND MANAGEMENT LIMITED,SM013008,AXIS PENSION FUND MANAGEMENT LIMITED SCHEME TAX SAVER - TIER II,11.7152
05/08/2025,PFM013,AXIS PENSION FUND MANAGEMENT LIMITED,SM013003,AXIS PENSION FUND MANAGEMENT LIMITED SCHEME G - TIER I,12.6335
05/08/2025,PFM013,AXIS PENSION FUND MANAGEMENT LIMITED,SM013004,AXIS PENSION FUND MANAGEMENT LIMITED SCHEME A - TIER I,11.8743
05/08/2025,PFM013,AXIS PENSION FUND MANAGEMENT LIMITED,SM013006,AXIS PENSION FUND MANAGEMENT LIMITED SCHEME C - TIER II,12.0900
05/08/2025,PFM014,DSP PENSION FUND MANAGERS PRIVATE LIMITED,SM014005,NPS TRUST A/C DSP PENSION FUND MANAGERS PRIVATE LIMITED SCHEME E - TIER II,12.5006
05/08/2025,PFM014,DSP PENSION FUND MANAGERS PRIVATE LIMITED,SM014001,NPS TRUST A/C DSP PENSION FUND MANAGERS PRIVATE LIMITED SCHEME E - TIER I,12.7311
05/08/2025,PFM014,DSP PENSION FUND MANAGERS PRIVATE LIMITED,SM014007,NPS TRUST A/C DSP PENSION FUND MANAGERS PRIVATE LIMITED SCHEME G - TIER II,11.5342
05/08/2025,PFM014,DSP PENSION FUND MANAGERS PRIVATE LIMITED,SM014002,NPS TRUST A/C DSP PENSION FUND MANAGERS PRIVATE LIMITED SCHEME C - TIER I,11.2789
05/08/2025,PFM014,DSP PENSION FUND MANAGERS PRIVATE LIMITED,SM014008,NPS TRUST A/C DSP PENSION FUND MANAGERS PRIVATE LIMITED SCHEME TAX SAVER TIER II,10.8608
05/08/2025,PFM014,DSP PENSION FUND MANAGERS PRIVATE LIMITED,SM014003,NPS TRUST A/C DSP PENSION FUND MANAGERS PRIVATE LIMITED SCHEME G - TIER I,11.7017
05/08/2025,PFM014,DSP PENSION FUND MANAGERS PRIVATE LIMITED,SM014004,NPS TRUST A/C DSP PENSION FUND MANAGERS PRIVATE LIMITED SCHEME A - TIER I,10.9335
05/08/2025,PFM014,DSP PENSION FUND MANAGERS PRIVATE LIMITED,SM014006,NPS TRUST A/C DSP PENSION FUND MANAGERS PRIVATE LIMITED SCHEME C - TIER II,11.4682
